2026-05-31 03:27:56.294	INFO	-		Bắt đầu batch: 1 account, luồng 10, bắt buộc PROXY mỗi hàng=True, nhóm GPM log="111", Log mail=mới (không lọc/ghi dead_*.log; mail chết chỉ ghi chú GPM, không xóa profile).
2026-05-31 03:29:22.874	DEBUG	hàng 1	D***@gmail.com	Preferred language hiện tại: English (United States)
2026-05-31 03:30:25.801	INFO	hàng 1	D***@gmail.com	Drive upload tab 1: đã SetFiles qua file chooser.
2026-05-31 03:30:32.077	INFO	hàng 1	D***@gmail.com	Drive upload tab 1: xác nhận OK — 'Meta Verified.pdf' đã có trên Drive.
2026-05-31 03:30:47.683	INFO	hàng 1	D***@gmail.com	Drive share tab 1: link = https://drive.google.com/file/d/1BA3kUB0k2pzkqJ-ORkVymUxot2-5bsWM/view?usp=sharing
2026-05-31 03:30:53.510	INFO	hàng 1	D***@gmail.com	Drive: hàng 1 — upload+share+link OK 1/1 tab.
2026-05-31 03:30:53.510	INFO	hàng 1	D***@gmail.com	Hoàn tất chu trình (hamcheckpass OK).
2026-05-31 03:30:53.892	INFO	-		Kết thúc batch: OK=1 Fail=0 (Playwright đã đóng).
2026-06-01 13:51:57.395	INFO	-		Bắt đầu batch: 1 account, luồng 10, bắt buộc PROXY mỗi hàng=True, nhóm GPM log="112", Log mail=mới (không lọc/ghi dead_*.log; mail chết chỉ ghi chú GPM, không xóa profile).
2026-06-01 13:52:00.928	INFO	-		Người dùng bấm Dừng — đang đóng trình duyệt.
2026-06-01 13:52:11.368	INFO	-		Bắt đầu batch: 25 account, luồng 10, bắt buộc PROXY mỗi hàng=True, nhóm GPM log="112", Log mail=mới (không lọc/ghi dead_*.log; mail chết chỉ ghi chú GPM, không xóa profile).
2026-06-01 13:53:58.564	DEBUG	hàng 2	W***@gmail.com	Preferred language hiện tại: English (United States)
2026-06-01 13:53:59.031	DEBUG	hàng 4	M***@gmail.com	Preferred language hiện tại: English (United States)
2026-06-01 13:53:59.033	DEBUG	hàng 3	O***@gmail.com	Preferred language hiện tại: English (United States)
2026-06-01 13:53:59.147	DEBUG	hàng 5	B***@gmail.com	Preferred language hiện tại: English (United States)
2026-06-01 13:53:59.371	DEBUG	hàng 1	H***@gmail.com	Preferred language hiện tại: English (United States)
2026-06-01 13:54:00.230	DEBUG	hàng 7	H***@gmail.com	Preferred language hiện tại: English (United States)
2026-06-01 13:54:00.611	DEBUG	hàng 6	A***@gmail.com	Preferred language hiện tại: English (United States)
2026-06-01 13:54:01.072	DEBUG	hàng 9	A***@gmail.com	Preferred language hiện tại: English (United States)
2026-06-01 13:54:02.119	DEBUG	hàng 10	D***@gmail.com	Preferred language hiện tại: English (United States)
2026-06-01 13:54:02.378	DEBUG	hàng 8	G***@gmail.com	Preferred language hiện tại: English (United States)
2026-06-01 13:54:50.224	INFO	hàng 3		2fa.cn: đã nhập secret và Submit.
2026-06-01 13:54:50.882	INFO	hàng 4		2fa.cn: đã nhập secret và Submit.
2026-06-01 13:54:51.782	INFO	hàng 5		2fa.cn: đã nhập secret và Submit.
2026-06-01 13:54:51.862	INFO	hàng 2		2fa.cn: đã nhập secret và Submit.
2026-06-01 13:54:52.562	INFO	hàng 1		2fa.cn: đã nhập secret và Submit.
2026-06-01 13:54:54.542	INFO	hàng 10		2fa.cn: đã nhập secret và Submit.
2026-06-01 13:54:54.592	INFO	hàng 7		2fa.cn: đã nhập secret và Submit.
2026-06-01 13:54:54.622	INFO	hàng 6		2fa.cn: đã nhập secret và Submit.
2026-06-01 13:54:54.752	INFO	hàng 8		2fa.cn: đã nhập secret và Submit.
2026-06-01 13:54:56.565	INFO	hàng 9		2fa.cn: đã nhập secret và Submit.
2026-06-01 13:55:21.879	INFO	hàng 5	B***@gmail.com	Drive upload tab 1: đã SetFiles qua file chooser.
2026-06-01 13:55:21.949	INFO	hàng 3	O***@gmail.com	Drive upload tab 1: đã SetFiles qua file chooser.
2026-06-01 13:55:25.308	INFO	hàng 4	M***@gmail.com	Drive upload tab 1: đã SetFiles qua file chooser.
2026-06-01 13:55:25.469	INFO	hàng 2	W***@gmail.com	Drive upload tab 1: đã SetFiles qua file chooser.
2026-06-01 13:55:27.071	INFO	hàng 10	D***@gmail.com	Drive upload tab 1: đã SetFiles qua file chooser.
2026-06-01 13:55:27.419	INFO	hàng 1	H***@gmail.com	Drive upload tab 1: đã SetFiles qua file chooser.
2026-06-01 13:55:28.740	INFO	hàng 7	H***@gmail.com	Drive upload tab 1: đã SetFiles qua file chooser.
2026-06-01 13:55:30.466	INFO	hàng 5	B***@gmail.com	Drive upload tab 1: xác nhận OK — 'Meta Verified.pdf' đã có trên Drive.
2026-06-01 13:55:30.492	INFO	hàng 8	G***@gmail.com	Drive upload tab 1: đã SetFiles qua file chooser.
2026-06-01 13:55:30.569	INFO	hàng 9	A***@gmail.com	Drive upload tab 1: đã SetFiles qua file chooser.
2026-06-01 13:55:30.710	INFO	hàng 3	O***@gmail.com	Drive upload tab 1: xác nhận OK — 'Meta Verified.pdf' đã có trên Drive.
2026-06-01 13:55:31.801	INFO	hàng 6	A***@gmail.com	Drive upload tab 1: đã SetFiles qua file chooser.
2026-06-01 13:55:33.782	INFO	hàng 4	M***@gmail.com	Drive upload tab 1: xác nhận OK — 'Meta Verified.pdf' đã có trên Drive.
2026-06-01 13:55:33.958	INFO	hàng 2	W***@gmail.com	Drive upload tab 1: xác nhận OK — 'Meta Verified.pdf' đã có trên Drive.
2026-06-01 13:55:35.519	INFO	hàng 10	D***@gmail.com	Drive upload tab 1: xác nhận OK — 'Meta Verified.pdf' đã có trên Drive.
2026-06-01 13:55:37.924	INFO	hàng 1	H***@gmail.com	Drive upload tab 1: xác nhận OK — 'Meta Verified.pdf' đã có trên Drive.
2026-06-01 13:55:38.912	INFO	hàng 8	G***@gmail.com	Drive upload tab 1: xác nhận OK — 'Meta Verified.pdf' đã có trên Drive.
2026-06-01 13:55:39.242	INFO	hàng 7	H***@gmail.com	Drive upload tab 1: xác nhận OK — 'Meta Verified.pdf' đã có trên Drive.
2026-06-01 13:55:40.217	INFO	hàng 6	A***@gmail.com	Drive upload tab 1: xác nhận OK — 'Meta Verified.pdf' đã có trên Drive.
2026-06-01 13:55:41.010	INFO	hàng 9	A***@gmail.com	Drive upload tab 1: xác nhận OK — 'Meta Verified.pdf' đã có trên Drive.
2026-06-01 13:55:58.335	INFO	hàng 5	B***@gmail.com	Drive share tab 1: link = https://drive.google.com/file/d/1LbdbOhDZ7zgPmCElfFAaCcwgc9CmmWoi/view?usp=sharing
2026-06-01 13:55:58.844	INFO	hàng 3	O***@gmail.com	Drive share tab 1: link = https://drive.google.com/file/d/1LbdbOhDZ7zgPmCElfFAaCcwgc9CmmWoi/view?usp=sharing
2026-06-01 13:56:00.431	INFO	hàng 2	W***@gmail.com	Drive share tab 1: link = https://drive.google.com/file/d/1i1bOZ7PIhPszrQbpzErPDg2kfWwFfvSX/view?usp=sharing
2026-06-01 13:56:03.541	INFO	hàng 4	M***@gmail.com	Drive share tab 1: link = https://drive.google.com/file/d/1lyCoDpXxWpChQUTERFe2V45_SpuqFU4_/view?usp=sharing
2026-06-01 13:56:03.602	INFO	hàng 10	D***@gmail.com	Drive share tab 1: link = https://drive.google.com/file/d/1lyCoDpXxWpChQUTERFe2V45_SpuqFU4_/view?usp=sharing
2026-06-01 13:56:05.143	INFO	hàng 1	H***@gmail.com	Drive share tab 1: link = https://drive.google.com/file/d/1AgKvapAIUMvA3PNkNVhqk7IX5RolQvjY/view?usp=sharing
2026-06-01 13:56:07.769	INFO	hàng 7	H***@gmail.com	Drive share tab 1: link = https://drive.google.com/file/d/1HjFf0wZYGUSb_TbIbMSehS1ooN7221Wh/view?usp=sharing
2026-06-01 13:56:07.966	INFO	hàng 9	A***@gmail.com	Drive share tab 1: link = https://drive.google.com/file/d/1HjFf0wZYGUSb_TbIbMSehS1ooN7221Wh/view?usp=sharing
2026-06-01 13:56:08.727	INFO	hàng 5	B***@gmail.com	Drive upload tab 2: đã SetFiles qua file chooser.
2026-06-01 13:56:08.740	INFO	hàng 6	A***@gmail.com	Drive share tab 1: link = https://drive.google.com/file/d/1HjFf0wZYGUSb_TbIbMSehS1ooN7221Wh/view?usp=sharing
2026-06-01 13:56:09.270	INFO	hàng 5	B***@gmail.com	Drive upload tab 2: xác nhận OK — 'Meta Verified.pdf' đã có trên Drive.
2026-06-01 13:56:10.255	INFO	hàng 3	O***@gmail.com	Drive upload tab 2: đã SetFiles qua file chooser.
2026-06-01 13:56:10.481	INFO	hàng 3	O***@gmail.com	Drive upload tab 2: xác nhận OK — 'Meta Verified.pdf' đã có trên Drive.
2026-06-01 13:56:12.142	INFO	hàng 8	G***@gmail.com	Drive share tab 1: link = https://drive.google.com/file/d/1QNk0n9jmUqFei5OkkenVHDr3CTV-BO6B/view?usp=sharing
2026-06-01 13:56:15.666	INFO	hàng 4	M***@gmail.com	Drive upload tab 2: đã SetFiles qua file chooser.
2026-06-01 13:56:15.865	INFO	hàng 4	M***@gmail.com	Drive upload tab 2: xác nhận OK — 'Meta Verified.pdf' đã có trên Drive.
2026-06-01 13:56:21.803	INFO	hàng 7	H***@gmail.com	Drive upload tab 2: đã SetFiles qua file chooser.
2026-06-01 13:56:22.022	INFO	hàng 8	G***@gmail.com	Drive upload tab 2: đã SetFiles qua file chooser.
2026-06-01 13:56:22.248	INFO	hàng 7	H***@gmail.com	Drive upload tab 2: xác nhận OK — 'Meta Verified.pdf' đã có trên Drive.
2026-06-01 13:56:22.557	INFO	hàng 8	G***@gmail.com	Drive upload tab 2: xác nhận OK — 'Meta Verified.pdf' đã có trên Drive.
2026-06-01 13:56:22.744	INFO	hàng 2	W***@gmail.com	Drive upload tab 2: đã SetFiles qua file chooser.
2026-06-01 13:56:23.113	INFO	hàng 10	D***@gmail.com	Drive upload tab 2: đã SetFiles qua file chooser.
2026-06-01 13:56:23.115	INFO	hàng 2	W***@gmail.com	Drive upload tab 2: xác nhận OK — 'Meta Verified.pdf' đã có trên Drive.
2026-06-01 13:56:23.353	INFO	hàng 10	D***@gmail.com	Drive upload tab 2: xác nhận OK — 'Meta Verified.pdf' đã có trên Drive.
2026-06-01 13:56:25.983	WARN	hàng 5	B***@gmail.com	Drive share tab 2: Ctrl+Alt+A → Share — Timeout 15000ms exceeded. Call log:   - waiting for GetByRole(AriaRole.Row, new() { Name = "Meta Verified.pdf" }).First     - locator resolved to <tr role="row" tabindex="0" jsname="u87fEf" draggable="true" data-target="doc" aria-rowindex="1" data-selectable="" aria-selected="false" jscontroller="DOffoc" data-selection-key="0" class="qwPkcb yjl6dc O5x1db Ss7qXc" data-handled-by-drag-and-drop="true" data-id="1ZSizQgAxhHXUG4KaMk3R5dyLmVj0oKUG" jslog="55465; track:click,double_click,keyboard_enter,drag,drop,left_click,right_click;" jsaction="rcuQ6b:npT2md; contextmenu:mg9Pef;EV6U7c:C54WRc; click:h5M12e; clickmod:h5M12e; dblclick:Hq2DWe; focus:…>…</tr>   - attempting click action     2 × waiting for element to be visible, enabled and stable       - element is visible, enabled and stable       - scrolling into view if needed       - done scrolling       - <div class="fliwXd-Qu-ej-Ig GhEnC-NLe8Jc-Ig cbzEee he-k-Eg-OejKM">…</div> from <div jsshadow="" jscontroller="dGzwdb" data-inject-content-controller="true" class="uW2Fw-k uW2Fw-k-Qu-wd uW2Fw-qON5Qe-FoKg4d-k-fZiSAe yaahMe dObjbb uW2Fw-k-Qu-pb" jsaction="jSjncc:FNFY6c;eUpBOd:pRhyN;OD2uJd:LSNysb;FBWqge:XzoRjc;PfPQGe:E9dKsb;KTLxtc:pXwq6c;r2ouV:FNFY6c;N4OFW:E9dKsb;G25Qzf:pXwq6c;JIbuQc:KY1IRb; keydown:KY1IRb; clickonly:npT2md; mousedown:npT2md; transitionend:H9K8kb;Erosbc:.CLIENT;RWMMYc:.CLIENT">…</div> subtree intercepts pointer events     - retrying click action     - waiting 20ms     2 × waiting for element to be visible, enabled and stable       - element is visible, enabled and stable       - scrolling into view if needed       - done scrolling       - <div class="fliwXd-Qu-ej-Ig GhEnC-NLe8Jc-Ig cbzEee he-k-Eg-OejKM">…</div> from <div jsshadow="" jscontroller="dGzwdb" data-inject-content-controller="true" class="uW2Fw-k uW2Fw-k-Qu-wd uW2Fw-qON5Qe-FoKg4d-k-fZiSAe yaahMe dObjbb uW2Fw-k-Qu-pb" jsaction="jSjncc:FNFY6c;eUpBOd:pRhyN;OD2uJd:LSNysb;FBWqge:XzoRjc;PfPQGe:E9dKsb;KTLxtc:pXw...
2026-06-01 13:56:27.839	WARN	hàng 3	O***@gmail.com	Drive share tab 2: Ctrl+Alt+A → Share — Timeout 15000ms exceeded. Call log:   - waiting for GetByRole(AriaRole.Row, new() { Name = "Meta Verified.pdf" }).First
2026-06-01 13:56:33.235	WARN	hàng 4	M***@gmail.com	Drive share tab 2: Ctrl+Alt+A → Share — Timeout 15000ms exceeded. Call log:   - waiting for GetByRole(AriaRole.Row, new() { Name = "Meta Verified.pdf" }).First     - locator resolved to <tr role="row" tabindex="0" jsname="u87fEf" draggable="true" data-target="doc" aria-rowindex="1" data-selectable="" aria-selected="false" jscontroller="DOffoc" data-selection-key="0" class="qwPkcb yjl6dc O5x1db Ss7qXc" data-handled-by-drag-and-drop="true" data-id="1JtrZGLiGQnCdkAQ2uuNuUjmPxb1kNTvf" jslog="55465; track:click,double_click,keyboard_enter,drag,drop,left_click,right_click;" jsaction="rcuQ6b:npT2md; contextmenu:mg9Pef;EV6U7c:C54WRc; click:h5M12e; clickmod:h5M12e; dblclick:Hq2DWe; focus:…>…</tr>   - attempting click action     - waiting for element to be visible, enabled and stable     - element is visible, enabled and stable     - scrolling into view if needed     - done scrolling     - <div class="fliwXd-Qu-ej-Ig GhEnC-NLe8Jc-Ig cbzEee he-k-Eg-OejKM">…</div> from <div jsshadow="" jscontroller="dGzwdb" data-inject-content-controller="true" class="uW2Fw-k uW2Fw-k-Qu-wd uW2Fw-qON5Qe-FoKg4d-k-fZiSAe yaahMe dObjbb uW2Fw-k-Qu-uGFO6d uW2Fw-k-Qu-pb" jsaction="jSjncc:FNFY6c;eUpBOd:pRhyN;OD2uJd:LSNysb;FBWqge:XzoRjc;PfPQGe:E9dKsb;KTLxtc:pXwq6c;r2ouV:FNFY6c;N4OFW:E9dKsb;G25Qzf:pXwq6c;JIbuQc:KY1IRb; keydown:KY1IRb; clickonly:npT2md; mousedown:npT2md; transitionend:H9K8kb;Erosbc:.CLIENT;asggkf:.CLIENT;RWMMYc:.CLIENT">…</div> subtree intercepts pointer events   - retrying click action     - waiting for element to be visible, enabled and stable     - element is visible, enabled and stable     - scrolling into view if needed     - done scrolling     - <div class="fliwXd-Qu-ej-Ig GhEnC-NLe8Jc-Ig cbzEee he-k-Eg-OejKM">…</div> from <div jsshadow="" jscontroller="dGzwdb" data-inject-content-controller="true" class="uW2Fw-k uW2Fw-k-Qu-wd uW2Fw-qON5Qe-FoKg4d-k-fZiSAe yaahMe dObjbb uW2Fw-k-Qu-pb" jsaction="jSjncc:FNFY6c;eUpBOd:pRhyN;OD2uJd:LSNysb;FBWqge:XzoRjc;PfPQGe:E9dKsb;KTLxtc:pXwq6c;r2ou...
2026-06-01 13:56:35.720	WARN	hàng 8	G***@gmail.com	Drive share tab 2: không thấy hàng file 'Meta Verified.pdf' trên lưới My Drive.
2026-06-01 13:56:35.721	WARN	hàng 8	G***@gmail.com	Drive: hàng 8 — upload 2, share+link 1 / 2 tab.
2026-06-01 13:56:39.620	WARN	hàng 7	H***@gmail.com	Drive share tab 2: Ctrl+Alt+A → Share — Timeout 15000ms exceeded. Call log:   - waiting for GetByRole(AriaRole.Row, new() { Name = "Meta Verified.pdf" }).First
2026-06-01 13:56:40.407	WARN	hàng 2	W***@gmail.com	Drive share tab 2: Ctrl+Alt+A → Share — Timeout 15000ms exceeded. Call log:   - waiting for GetByRole(AriaRole.Row, new() { Name = "Meta Verified.pdf" }).First     - locator resolved to <tr role="row" tabindex="0" jsname="u87fEf" draggable="true" data-target="doc" aria-rowindex="1" data-selectable="" aria-selected="false" jscontroller="DOffoc" data-selection-key="0" class="qwPkcb yjl6dc O5x1db Ss7qXc" data-handled-by-drag-and-drop="true" data-id="1i1bOZ7PIhPszrQbpzErPDg2kfWwFfvSX" jslog="55465; track:click,double_click,keyboard_enter,drag,drop,left_click,right_click;" jsaction="rcuQ6b:npT2md; contextmenu:mg9Pef;EV6U7c:C54WRc; click:h5M12e; clickmod:h5M12e; dblclick:Hq2DWe; focus:…>…</tr>   - attempting click action     2 × waiting for element to be visible, enabled and stable       - element is visible, enabled and stable       - scrolling into view if needed       - done scrolling       - <div class="fliwXd-Qu-ej-Ig GhEnC-NLe8Jc-Ig cbzEee he-k-Eg-OejKM">…</div> from <div jsshadow="" jscontroller="dGzwdb" data-inject-content-controller="true" class="uW2Fw-k uW2Fw-k-Qu-wd uW2Fw-qON5Qe-FoKg4d-k-fZiSAe yaahMe dObjbb uW2Fw-k-Qu-pb" jsaction="jSjncc:FNFY6c;eUpBOd:pRhyN;OD2uJd:LSNysb;FBWqge:XzoRjc;PfPQGe:E9dKsb;KTLxtc:pXwq6c;r2ouV:FNFY6c;N4OFW:E9dKsb;G25Qzf:pXwq6c;JIbuQc:KY1IRb; keydown:KY1IRb; clickonly:npT2md; mousedown:npT2md; transitionend:H9K8kb;Erosbc:.CLIENT;RWMMYc:.CLIENT">…</div> subtree intercepts pointer events     - retrying click action     - waiting 20ms     2 × waiting for element to be visible, enabled and stable       - element is visible, enabled and stable       - scrolling into view if needed       - done scrolling       - <div class="fliwXd-Qu-ej-Ig GhEnC-NLe8Jc-Ig cbzEee he-k-Eg-OejKM">…</div> from <div jsshadow="" jscontroller="dGzwdb" data-inject-content-controller="true" class="uW2Fw-k uW2Fw-k-Qu-wd uW2Fw-qON5Qe-FoKg4d-k-fZiSAe yaahMe dObjbb uW2Fw-k-Qu-pb" jsaction="jSjncc:FNFY6c;eUpBOd:pRhyN;OD2uJd:LSNysb;FBWqge:XzoRjc;PfPQGe:E9dKsb;KTLxtc:pXw...
2026-06-01 13:56:40.675	WARN	hàng 10	D***@gmail.com	Drive share tab 2: Ctrl+Alt+A → Share — Timeout 15000ms exceeded. Call log:   - waiting for GetByRole(AriaRole.Row, new() { Name = "Meta Verified.pdf" }).First
2026-06-01 13:56:40.991	WARN	hàng 5	B***@gmail.com	Drive share tab 2: chuột phải → Share — Timeout 15000ms exceeded. Call log:   - waiting for GetByRole(AriaRole.Row, new() { Name = "Meta Verified.pdf" }).First
2026-06-01 13:56:42.845	WARN	hàng 3	O***@gmail.com	Drive share tab 2: chuột phải → Share — Timeout 15000ms exceeded. Call log:   - waiting for GetByRole(AriaRole.Row, new() { Name = "Meta Verified.pdf" }).First
2026-06-01 13:56:48.248	WARN	hàng 4	M***@gmail.com	Drive share tab 2: chuột phải → Share — Timeout 15000ms exceeded. Call log:   - waiting for GetByRole(AriaRole.Row, new() { Name = "Meta Verified.pdf" }).First
2026-06-01 13:56:50.992	WARN	hàng 5	B***@gmail.com	Drive share tab 2: không mở được hộp thoại Share (iframe).
2026-06-01 13:56:50.992	WARN	hàng 5	B***@gmail.com	Drive: hàng 5 — upload 2, share+link 1 / 2 tab.
2026-06-01 13:56:52.846	WARN	hàng 3	O***@gmail.com	Drive share tab 2: không mở được hộp thoại Share (iframe).
2026-06-01 13:56:52.847	WARN	hàng 3	O***@gmail.com	Drive: hàng 3 — upload 2, share+link 1 / 2 tab.
2026-06-01 13:56:54.624	WARN	hàng 7	H***@gmail.com	Drive share tab 2: chuột phải → Share — Timeout 15000ms exceeded. Call log:   - waiting for GetByRole(AriaRole.Row, new() { Name = "Meta Verified.pdf" }).First
2026-06-01 13:56:55.408	WARN	hàng 2	W***@gmail.com	Drive share tab 2: chuột phải → Share — Timeout 15000ms exceeded. Call log:   - waiting for GetByRole(AriaRole.Row, new() { Name = "Meta Verified.pdf" }).First
2026-06-01 13:56:55.678	WARN	hàng 10	D***@gmail.com	Drive share tab 2: chuột phải → Share — Timeout 15000ms exceeded. Call log:   - waiting for GetByRole(AriaRole.Row, new() { Name = "Meta Verified.pdf" }).First
2026-06-01 13:56:58.252	WARN	hàng 4	M***@gmail.com	Drive share tab 2: không mở được hộp thoại Share (iframe).
2026-06-01 13:56:58.252	WARN	hàng 4	M***@gmail.com	Drive: hàng 4 — upload 2, share+link 1 / 2 tab.
2026-06-01 13:56:59.696	INFO	hàng 1	H***@gmail.com	Drive upload tab 2: đã SetFiles qua file chooser.
2026-06-01 13:56:59.797	INFO	hàng 1	H***@gmail.com	Drive upload tab 2: xác nhận OK — 'Meta Verified.pdf' đã có trên Drive.
2026-06-01 13:57:03.089	INFO	hàng 9	A***@gmail.com	Drive upload tab 2: đã SetFiles qua file chooser.
2026-06-01 13:57:03.206	INFO	hàng 9	A***@gmail.com	Drive upload tab 2: xác nhận OK — 'Meta Verified.pdf' đã có trên Drive.
2026-06-01 13:57:04.631	WARN	hàng 7	H***@gmail.com	Drive share tab 2: không mở được hộp thoại Share (iframe).
2026-06-01 13:57:04.631	WARN	hàng 7	H***@gmail.com	Drive: hàng 7 — upload 2, share+link 1 / 2 tab.
2026-06-01 13:57:05.412	WARN	hàng 2	W***@gmail.com	Drive share tab 2: không mở được hộp thoại Share (iframe).
2026-06-01 13:57:05.412	WARN	hàng 2	W***@gmail.com	Drive: hàng 2 — upload 2, share+link 1 / 2 tab.
2026-06-01 13:57:05.678	WARN	hàng 10	D***@gmail.com	Drive share tab 2: không mở được hộp thoại Share (iframe).
2026-06-01 13:57:05.678	WARN	hàng 10	D***@gmail.com	Drive: hàng 10 — upload 2, share+link 1 / 2 tab.
2026-06-01 13:57:10.519	INFO	hàng 6	A***@gmail.com	Drive upload tab 2: đã SetFiles qua file chooser.
2026-06-01 13:57:11.111	INFO	hàng 6	A***@gmail.com	Drive upload tab 2: xác nhận OK — 'Meta Verified.pdf' đã có trên Drive.
2026-06-01 13:57:17.234	WARN	hàng 1	H***@gmail.com	Drive share tab 2: Ctrl+Alt+A → Share — Timeout 15000ms exceeded. Call log:   - waiting for GetByRole(AriaRole.Row, new() { Name = "Meta Verified.pdf" }).First
2026-06-01 13:57:21.626	WARN	hàng 9	A***@gmail.com	Drive share tab 2: Ctrl+Alt+A → Share — Timeout 15000ms exceeded. Call log:   - waiting for GetByRole(AriaRole.Row, new() { Name = "Meta Verified.pdf" }).First     - locator resolved to <tr role="row" tabindex="0" jsname="u87fEf" draggable="true" data-target="doc" aria-rowindex="1" data-selectable="" aria-selected="false" jscontroller="DOffoc" data-selection-key="0" class="qwPkcb yjl6dc O5x1db Ss7qXc" data-handled-by-drag-and-drop="true" data-id="1GKtg-uRU0zunry7UBzyLs9laGADuN9j1" jslog="55465; track:click,double_click,keyboard_enter,drag,drop,left_click,right_click;" jsaction="rcuQ6b:npT2md; contextmenu:mg9Pef;EV6U7c:C54WRc; click:h5M12e; clickmod:h5M12e; dblclick:Hq2DWe; focus:…>…</tr>   - attempting click action     2 × waiting for element to be visible, enabled and stable       - element is visible, enabled and stable       - scrolling into view if needed       - done scrolling       - <div class="fliwXd-Qu-ej-Ig GhEnC-NLe8Jc-Ig cbzEee he-k-Eg-OejKM">…</div> from <div jsshadow="" jscontroller="dGzwdb" data-inject-content-controller="true" class="uW2Fw-k uW2Fw-k-Qu-wd uW2Fw-qON5Qe-FoKg4d-k-fZiSAe yaahMe dObjbb uW2Fw-k-Qu-pb" jsaction="jSjncc:FNFY6c;eUpBOd:pRhyN;OD2uJd:LSNysb;FBWqge:XzoRjc;PfPQGe:E9dKsb;KTLxtc:pXwq6c;r2ouV:FNFY6c;N4OFW:E9dKsb;G25Qzf:pXwq6c;JIbuQc:KY1IRb; keydown:KY1IRb; clickonly:npT2md; mousedown:npT2md; transitionend:H9K8kb;Erosbc:.CLIENT;RWMMYc:.CLIENT">…</div> subtree intercepts pointer events     - retrying click action     - waiting 20ms     2 × waiting for element to be visible, enabled and stable       - element is visible, enabled and stable       - scrolling into view if needed       - done scrolling       - <div class="fliwXd-Qu-ej-Ig GhEnC-NLe8Jc-Ig cbzEee he-k-Eg-OejKM">…</div> from <div jsshadow="" jscontroller="dGzwdb" data-inject-content-controller="true" class="uW2Fw-k uW2Fw-k-Qu-wd uW2Fw-qON5Qe-FoKg4d-k-fZiSAe yaahMe dObjbb uW2Fw-k-Qu-pb" jsaction="jSjncc:FNFY6c;eUpBOd:pRhyN;OD2uJd:LSNysb;FBWqge:XzoRjc;PfPQGe:E9dKsb;KTLxtc:pXw...
2026-06-01 13:57:29.104	WARN	hàng 6	A***@gmail.com	Drive share tab 2: Ctrl+Alt+A → Share — Timeout 15000ms exceeded. Call log:   - waiting for GetByRole(AriaRole.Row, new() { Name = "Meta Verified.pdf" }).First     - locator resolved to <tr role="row" tabindex="0" jsname="u87fEf" draggable="true" data-target="doc" aria-rowindex="1" data-selectable="" aria-selected="false" jscontroller="DOffoc" data-selection-key="0" class="qwPkcb yjl6dc O5x1db Ss7qXc" data-handled-by-drag-and-drop="true" data-id="1HjFf0wZYGUSb_TbIbMSehS1ooN7221Wh" jslog="55465; track:click,double_click,keyboard_enter,drag,drop,left_click,right_click;" jsaction="rcuQ6b:npT2md; contextmenu:mg9Pef;EV6U7c:C54WRc; click:h5M12e; clickmod:h5M12e; dblclick:Hq2DWe; focus:…>…</tr>   - attempting click action     2 × waiting for element to be visible, enabled and stable       - element is visible, enabled and stable       - scrolling into view if needed       - done scrolling       - <div class="fliwXd-Qu-ej-Ig GhEnC-NLe8Jc-Ig cbzEee he-k-Eg-OejKM">…</div> from <div jsshadow="" jscontroller="dGzwdb" data-inject-content-controller="true" class="uW2Fw-k uW2Fw-k-Qu-wd uW2Fw-qON5Qe-FoKg4d-k-fZiSAe yaahMe dObjbb uW2Fw-k-Qu-pb" jsaction="jSjncc:FNFY6c;eUpBOd:pRhyN;OD2uJd:LSNysb;FBWqge:XzoRjc;PfPQGe:E9dKsb;KTLxtc:pXwq6c;r2ouV:FNFY6c;N4OFW:E9dKsb;G25Qzf:pXwq6c;JIbuQc:KY1IRb; keydown:KY1IRb; clickonly:npT2md; mousedown:npT2md; transitionend:H9K8kb;Erosbc:.CLIENT;RWMMYc:.CLIENT">…</div> subtree intercepts pointer events     - retrying click action     - waiting 20ms     2 × waiting for element to be visible, enabled and stable       - element is visible, enabled and stable       - scrolling into view if needed       - done scrolling       - <div class="fliwXd-Qu-ej-Ig GhEnC-NLe8Jc-Ig cbzEee he-k-Eg-OejKM">…</div> from <div jsshadow="" jscontroller="dGzwdb" data-inject-content-controller="true" class="uW2Fw-k uW2Fw-k-Qu-wd uW2Fw-qON5Qe-FoKg4d-k-fZiSAe yaahMe dObjbb uW2Fw-k-Qu-pb" jsaction="jSjncc:FNFY6c;eUpBOd:pRhyN;OD2uJd:LSNysb;FBWqge:XzoRjc;PfPQGe:E9dKsb;KTLxtc:pXw...
2026-06-01 13:57:32.241	WARN	hàng 1	H***@gmail.com	Drive share tab 2: chuột phải → Share — Timeout 15000ms exceeded. Call log:   - waiting for GetByRole(AriaRole.Row, new() { Name = "Meta Verified.pdf" }).First
2026-06-01 13:57:36.631	WARN	hàng 9	A***@gmail.com	Drive share tab 2: chuột phải → Share — Timeout 15000ms exceeded. Call log:   - waiting for GetByRole(AriaRole.Row, new() { Name = "Meta Verified.pdf" }).First
2026-06-01 13:57:42.250	WARN	hàng 1	H***@gmail.com	Drive share tab 2: không mở được hộp thoại Share (iframe).
2026-06-01 13:57:42.250	WARN	hàng 1	H***@gmail.com	Drive: hàng 1 — upload 2, share+link 1 / 2 tab.
2026-06-01 13:57:44.109	WARN	hàng 6	A***@gmail.com	Drive share tab 2: chuột phải → Share — Timeout 15000ms exceeded. Call log:   - waiting for GetByRole(AriaRole.Row, new() { Name = "Meta Verified.pdf" }).First
2026-06-01 13:57:46.634	WARN	hàng 9	A***@gmail.com	Drive share tab 2: không mở được hộp thoại Share (iframe).
2026-06-01 13:57:46.634	WARN	hàng 9	A***@gmail.com	Drive: hàng 9 — upload 2, share+link 1 / 2 tab.
2026-06-01 13:57:54.118	WARN	hàng 6	A***@gmail.com	Drive share tab 2: không mở được hộp thoại Share (iframe).
2026-06-01 13:57:54.118	WARN	hàng 6	A***@gmail.com	Drive: hàng 6 — upload 2, share+link 1 / 2 tab.
2026-06-01 13:58:08.584	WARN	hàng 8	G***@gmail.com	[Script] Lỗi deleted function sau Run lần 1 — F5 + Run lại.
2026-06-01 13:58:08.803	WARN	hàng 8	G***@gmail.com	[Script] Reload (F5) editor sau cảnh báo Execution log — chạy lại Run.
2026-06-01 13:58:21.066	WARN	hàng 5	B***@gmail.com	[Script] Lỗi deleted function sau Run lần 1 — F5 + Run lại.
2026-06-01 13:58:21.116	WARN	hàng 3	O***@gmail.com	[Script] Lỗi deleted function sau Run lần 1 — F5 + Run lại.
2026-06-01 13:58:21.320	WARN	hàng 5	B***@gmail.com	[Script] Reload (F5) editor sau cảnh báo Execution log — chạy lại Run.
2026-06-01 13:58:21.410	WARN	hàng 3	O***@gmail.com	[Script] Reload (F5) editor sau cảnh báo Execution log — chạy lại Run.
2026-06-01 13:58:26.801	WARN	hàng 8	G***@gmail.com	[Script] Authorization required sau Run lần 1 — chạy thêm 1 vòng F5 + Run.
2026-06-01 13:58:27.098	WARN	hàng 8	G***@gmail.com	[Script] Reload (F5) editor sau cảnh báo Execution log — chạy lại Run.
2026-06-01 13:58:28.347	WARN	hàng 4	M***@gmail.com	[Script] Lỗi deleted function sau Run lần 1 — F5 + Run lại.
2026-06-01 13:58:28.649	WARN	hàng 4	M***@gmail.com	[Script] Reload (F5) editor sau cảnh báo Execution log — chạy lại Run.
2026-06-01 13:58:29.069	WARN	hàng 3	O***@gmail.com	[Script] Authorization required sau Run lần 1 — chạy thêm 1 vòng F5 + Run.
2026-06-01 13:58:29.448	WARN	hàng 3	O***@gmail.com	[Script] Reload (F5) editor sau cảnh báo Execution log — chạy lại Run.
2026-06-01 13:58:34.884	WARN	hàng 2	W***@gmail.com	[Script] Lỗi deleted function sau Run lần 1 — F5 + Run lại.
2026-06-01 13:58:35.224	WARN	hàng 2	W***@gmail.com	[Script] Reload (F5) editor sau cảnh báo Execution log — chạy lại Run.
2026-06-01 13:58:36.334	WARN	hàng 4	M***@gmail.com	[Script] Authorization required sau Run lần 1 — chạy thêm 1 vòng F5 + Run.
2026-06-01 13:58:36.709	WARN	hàng 4	M***@gmail.com	[Script] Reload (F5) editor sau cảnh báo Execution log — chạy lại Run.
2026-06-01 13:58:39.741	WARN	hàng 5	B***@gmail.com	[Script] Authorization required sau Run lần 1 — chạy thêm 1 vòng F5 + Run.
2026-06-01 13:58:40.097	WARN	hàng 5	B***@gmail.com	[Script] Reload (F5) editor sau cảnh báo Execution log — chạy lại Run.
2026-06-01 13:58:40.497	WARN	hàng 7	H***@gmail.com	[Script] Lỗi deleted function sau Run lần 1 — F5 + Run lại.
2026-06-01 13:58:40.750	WARN	hàng 7	H***@gmail.com	[Script] Reload (F5) editor sau cảnh báo Execution log — chạy lại Run.
2026-06-01 13:58:41.126	WARN	hàng 10	D***@gmail.com	[Script] Lỗi deleted function sau Run lần 1 — F5 + Run lại.
2026-06-01 13:58:41.420	WARN	hàng 10	D***@gmail.com	[Script] Reload (F5) editor sau cảnh báo Execution log — chạy lại Run.
2026-06-01 13:58:48.453	WARN	hàng 7	H***@gmail.com	[Script] Authorization required sau Run lần 1 — chạy thêm 1 vòng F5 + Run.
2026-06-01 13:58:48.844	WARN	hàng 7	H***@gmail.com	[Script] Reload (F5) editor sau cảnh báo Execution log — chạy lại Run.
2026-06-01 13:58:53.408	WARN	hàng 2	W***@gmail.com	[Script] Authorization required sau Run lần 1 — chạy thêm 1 vòng F5 + Run.
2026-06-01 13:58:53.671	WARN	hàng 2	W***@gmail.com	[Script] Reload (F5) editor sau cảnh báo Execution log — chạy lại Run.
2026-06-01 13:58:59.108	WARN	hàng 10	D***@gmail.com	[Script] Authorization required sau Run lần 1 — chạy thêm 1 vòng F5 + Run.
2026-06-01 13:58:59.330	WARN	hàng 10	D***@gmail.com	[Script] Reload (F5) editor sau cảnh báo Execution log — chạy lại Run.
2026-06-01 13:59:12.081	WARN	hàng 1	H***@gmail.com	[Script] Lỗi deleted function sau Run lần 1 — F5 + Run lại.
2026-06-01 13:59:12.340	WARN	hàng 1	H***@gmail.com	[Script] Reload (F5) editor sau cảnh báo Execution log — chạy lại Run.
2026-06-01 13:59:17.061	WARN	hàng 9	A***@gmail.com	[Script] Lỗi deleted function sau Run lần 1 — F5 + Run lại.
2026-06-01 13:59:17.332	WARN	hàng 9	A***@gmail.com	[Script] Reload (F5) editor sau cảnh báo Execution log — chạy lại Run.
2026-06-01 13:59:24.251	WARN	hàng 6	A***@gmail.com	[Script] Lỗi deleted function sau Run lần 1 — F5 + Run lại.
2026-06-01 13:59:24.509	WARN	hàng 6	A***@gmail.com	[Script] Reload (F5) editor sau cảnh báo Execution log — chạy lại Run.
2026-06-01 13:59:28.916	INFO	hàng 3	O***@gmail.com	Hoàn tất chu trình (hamcheckpass OK).
2026-06-01 13:59:29.258	INFO	hàng 8	G***@gmail.com	Hoàn tất chu trình (hamcheckpass OK).
2026-06-01 13:59:30.707	WARN	hàng 1	H***@gmail.com	[Script] Authorization required sau Run lần 1 — chạy thêm 1 vòng F5 + Run.
2026-06-01 13:59:31.011	WARN	hàng 1	H***@gmail.com	[Script] Reload (F5) editor sau cảnh báo Execution log — chạy lại Run.
2026-06-01 13:59:32.568	INFO	hàng 4	M***@gmail.com	Hoàn tất chu trình (hamcheckpass OK).
2026-06-01 13:59:35.021	WARN	hàng 9	A***@gmail.com	[Script] Authorization required sau Run lần 1 — chạy thêm 1 vòng F5 + Run.
2026-06-01 13:59:35.302	WARN	hàng 9	A***@gmail.com	[Script] Reload (F5) editor sau cảnh báo Execution log — chạy lại Run.
2026-06-01 13:59:38.077	INFO	hàng 5	B***@gmail.com	Hoàn tất chu trình (hamcheckpass OK).
2026-06-01 13:59:43.277	WARN	hàng 6	A***@gmail.com	[Script] Authorization required sau Run lần 1 — chạy thêm 1 vòng F5 + Run.
2026-06-01 13:59:43.590	WARN	hàng 6	A***@gmail.com	[Script] Reload (F5) editor sau cảnh báo Execution log — chạy lại Run.
2026-06-01 13:59:43.952	INFO	hàng 7	H***@gmail.com	Hoàn tất chu trình (hamcheckpass OK).
2026-06-01 13:59:47.584	INFO	hàng 2	W***@gmail.com	Hoàn tất chu trình (hamcheckpass OK).
2026-06-01 13:59:59.847	INFO	hàng 10	D***@gmail.com	Hoàn tất chu trình (hamcheckpass OK).
2026-06-01 14:00:28.179	INFO	hàng 1	H***@gmail.com	Hoàn tất chu trình (hamcheckpass OK).
2026-06-01 14:00:29.622	INFO	hàng 9	A***@gmail.com	Hoàn tất chu trình (hamcheckpass OK).
2026-06-01 14:00:38.207	INFO	hàng 6	A***@gmail.com	Hoàn tất chu trình (hamcheckpass OK).
2026-06-01 14:02:43.157	DEBUG	hàng 20	R***@gmail.com	Preferred language hiện tại: English (United States)
2026-06-01 14:02:43.170	DEBUG	hàng 14	J***@gmail.com	Preferred language hiện tại: English (United States)
2026-06-01 14:02:43.372	DEBUG	hàng 19	Y***@gmail.com	Preferred language hiện tại: English (United States)
2026-06-01 14:02:43.384	DEBUG	hàng 16	F***@gmail.com	Preferred language hiện tại: English (United States)
2026-06-01 14:02:43.539	DEBUG	hàng 18	G***@gmail.com	Preferred language hiện tại: English (United States)
2026-06-01 14:02:43.643	DEBUG	hàng 12	T***@gmail.com	Preferred language hiện tại: English (United States)
2026-06-01 14:02:44.014	DEBUG	hàng 13	M***@gmail.com	Preferred language hiện tại: English (United States)
2026-06-01 14:02:44.598	DEBUG	hàng 11	G***@gmail.com	Preferred language hiện tại: English (United States)
2026-06-01 14:02:44.722	DEBUG	hàng 15	S***@gmail.com	Preferred language hiện tại: English (United States)
2026-06-01 14:02:53.729	INFO	hàng 19		2fa.cn: đã nhập secret và Submit.
2026-06-01 14:02:53.737	WARN	hàng 19	Y***@gmail.com	Drive upload: không có tab upload cho hàng 19 (kế hoạch 25 tab).
2026-06-01 14:03:34.399	INFO	hàng 20		2fa.cn: đã nhập secret và Submit.
2026-06-01 14:03:34.400	WARN	hàng 20	R***@gmail.com	Drive upload: không có tab upload cho hàng 20 (kế hoạch 25 tab).
2026-06-01 14:03:35.819	INFO	hàng 11		2fa.cn: đã nhập secret và Submit.
2026-06-01 14:03:36.238	INFO	hàng 14		2fa.cn: đã nhập secret và Submit.
2026-06-01 14:03:36.239	WARN	hàng 14	J***@gmail.com	Drive upload: không có tab upload cho hàng 14 (kế hoạch 25 tab).
2026-06-01 14:03:36.429	INFO	hàng 15		2fa.cn: đã nhập secret và Submit.
2026-06-01 14:03:36.430	WARN	hàng 15	S***@gmail.com	Drive upload: không có tab upload cho hàng 15 (kế hoạch 25 tab).
2026-06-01 14:03:36.717	INFO	hàng 16		2fa.cn: đã nhập secret và Submit.
2026-06-01 14:03:36.718	WARN	hàng 16	F***@gmail.com	Drive upload: không có tab upload cho hàng 16 (kế hoạch 25 tab).
2026-06-01 14:03:36.748	INFO	hàng 13		2fa.cn: đã nhập secret và Submit.
2026-06-01 14:03:36.749	WARN	hàng 13	M***@gmail.com	Drive upload: không có tab upload cho hàng 13 (kế hoạch 25 tab).
2026-06-01 14:03:37.308	INFO	hàng 12		2fa.cn: đã nhập secret và Submit.
2026-06-01 14:03:41.301	INFO	hàng 18		2fa.cn: đã nhập secret và Submit.
2026-06-01 14:03:41.302	WARN	hàng 18	G***@gmail.com	Drive upload: không có tab upload cho hàng 18 (kế hoạch 25 tab).
2026-06-01 14:04:10.431	WARN	hàng 17		Goto myaccount/language (sau 2FA) — thất bại sau 2 lần (có F5 retry): TargetClosedException — Process exited
2026-06-01 14:04:10.432	WARN	hàng 17	L***@gmail.com	hamcheckpass trả về false — kiểm tra cột STATUS và Data/screenshots.
2026-06-01 14:04:10.447	DEBUG	hàng 17		Không chụp screenshot: Process exited
2026-06-01 14:04:10.448	WARN	hàng 20		STEP 4–5 (đổi avatar) — thất bại sau 2 lần (có F5 retry): TargetClosedException — Process exited
2026-06-01 14:04:10.448	WARN	hàng 19		[Sheet] Mở Sheets + chờ tab — thất bại sau 2 lần (có F5 retry): TargetClosedException — Process exited
2026-06-01 14:04:10.449	WARN	hàng 19	Y***@gmail.com	hamcheckpass trả về false — kiểm tra cột STATUS và Data/screenshots.
2026-06-01 14:04:10.449	DEBUG	hàng 19		Không chụp screenshot: Process exited
2026-06-01 14:04:11.959	WARN	hàng 20	R***@gmail.com	hamcheckpass trả về false — kiểm tra cột STATUS và Data/screenshots.
2026-06-01 14:04:11.960	DEBUG	hàng 20		Không chụp screenshot: Process exited
2026-06-01 14:04:12.201	WARN	hàng 14		STEP 4–5 (đổi avatar) — thất bại sau 2 lần (có F5 retry): TargetClosedException — Process exited
2026-06-01 14:04:12.231	WARN	hàng 16		STEP 4–5 (đổi avatar) — thất bại sau 2 lần (có F5 retry): TargetClosedException — Process exited
2026-06-01 14:04:13.708	WARN	hàng 14	J***@gmail.com	hamcheckpass trả về false — kiểm tra cột STATUS và Data/screenshots.
2026-06-01 14:04:13.709	DEBUG	hàng 14		Không chụp screenshot: Process exited
2026-06-01 14:04:13.738	WARN	hàng 16	F***@gmail.com	hamcheckpass trả về false — kiểm tra cột STATUS và Data/screenshots.
2026-06-01 14:04:13.739	DEBUG	hàng 16		Không chụp screenshot: Process exited
2026-06-01 14:04:29.476	WARN	hàng 13		STEP 4–5 (đổi avatar) — thất bại sau 2 lần (có F5 retry): TargetClosedException — Process exited
2026-06-01 14:04:29.899	WARN	hàng 15		STEP 4–5 (đổi avatar) — thất bại sau 2 lần (có F5 retry): TargetClosedException — Process exited
2026-06-01 14:04:30.984	WARN	hàng 13	M***@gmail.com	hamcheckpass trả về false — kiểm tra cột STATUS và Data/screenshots.
2026-06-01 14:04:30.985	DEBUG	hàng 13		Không chụp screenshot: Process exited
2026-06-01 14:04:31.409	WARN	hàng 15	S***@gmail.com	hamcheckpass trả về false — kiểm tra cột STATUS và Data/screenshots.
2026-06-01 14:04:31.410	DEBUG	hàng 15		Không chụp screenshot: Process exited
2026-06-01 14:04:36.695	WARN	hàng 12	T***@gmail.com	Drive upload tab 2: chờ nút New (lần 1/3)...
2026-06-01 14:04:38.703	WARN	hàng 12	T***@gmail.com	Drive upload tab 2: chờ nút New (lần 2/3)...
2026-06-01 14:04:40.709	WARN	hàng 12	T***@gmail.com	Drive upload tab 2: chờ nút New (lần 3/3)...
2026-06-01 14:04:41.705	WARN	hàng 11	G***@gmail.com	Drive upload tab 2: chờ nút New (lần 1/3)...
2026-06-01 14:04:42.712	WARN	hàng 12	T***@gmail.com	Drive upload tab 2: My Drive chưa sẵn sàng (không thấy nút New).
2026-06-01 14:04:42.712	WARN	hàng 12	T***@gmail.com	Drive: không mở được tab 3 — TargetClosedException: Process exited
2026-06-01 14:04:42.714	WARN	hàng 12	T***@gmail.com	Drive upload tab 1: chờ nút New (lần 1/3)...
2026-06-01 14:04:42.804	WARN	hàng 18		STEP 4–5 (đổi avatar) — thất bại sau 2 lần (có F5 retry): TargetClosedException — Process exited
2026-06-01 14:04:43.715	WARN	hàng 11	G***@gmail.com	Drive upload tab 2: chờ nút New (lần 2/3)...
2026-06-01 14:04:44.318	WARN	hàng 18	G***@gmail.com	hamcheckpass trả về false — kiểm tra cột STATUS và Data/screenshots.
2026-06-01 14:04:44.319	DEBUG	hàng 18		Không chụp screenshot: Process exited
2026-06-01 14:04:44.727	WARN	hàng 12	T***@gmail.com	Drive upload tab 1: chờ nút New (lần 2/3)...
2026-06-01 14:04:45.727	WARN	hàng 11	G***@gmail.com	Drive upload tab 2: chờ nút New (lần 3/3)...
2026-06-01 14:04:46.738	WARN	hàng 12	T***@gmail.com	Drive upload tab 1: chờ nút New (lần 3/3)...
2026-06-01 14:04:47.737	WARN	hàng 11	G***@gmail.com	Drive upload tab 2: My Drive chưa sẵn sàng (không thấy nút New).
2026-06-01 14:04:47.739	WARN	hàng 11	G***@gmail.com	Drive upload tab 1: chờ nút New (lần 1/3)...
2026-06-01 14:04:48.749	WARN	hàng 12	T***@gmail.com	Drive upload tab 1: My Drive chưa sẵn sàng (không thấy nút New).
2026-06-01 14:04:49.748	WARN	hàng 11	G***@gmail.com	Drive upload tab 1: chờ nút New (lần 2/3)...
2026-06-01 14:04:51.761	WARN	hàng 11	G***@gmail.com	Drive upload tab 1: chờ nút New (lần 3/3)...
2026-06-01 14:04:53.771	WARN	hàng 11	G***@gmail.com	Drive upload tab 1: My Drive chưa sẵn sàng (không thấy nút New).
2026-06-01 14:05:23.760	WARN	hàng 12	T***@gmail.com	Drive upload tab 2: chờ nút New (lần 1/3)...
2026-06-01 14:05:25.766	WARN	hàng 12	T***@gmail.com	Drive upload tab 2: chờ nút New (lần 2/3)...
2026-06-01 14:05:27.772	WARN	hàng 12	T***@gmail.com	Drive upload tab 2: chờ nút New (lần 3/3)...
2026-06-01 14:05:28.785	WARN	hàng 11	G***@gmail.com	Drive upload tab 2: chờ nút New (lần 1/3)...
2026-06-01 14:05:29.787	WARN	hàng 12	T***@gmail.com	Drive upload tab 2: My Drive chưa sẵn sàng (không thấy nút New).
2026-06-01 14:05:29.787	WARN	hàng 12	T***@gmail.com	Drive: hàng 12 — 0/2 tab upload được.
2026-06-01 14:05:30.788	WARN	hàng 11	G***@gmail.com	Drive upload tab 2: chờ nút New (lần 2/3)...
2026-06-01 14:05:31.802	WARN	hàng 12		STEP 4–5 (đổi avatar) — thất bại sau 2 lần (có F5 retry): TargetClosedException — Process exited
2026-06-01 14:05:32.797	WARN	hàng 11	G***@gmail.com	Drive upload tab 2: chờ nút New (lần 3/3)...
2026-06-01 14:05:33.312	WARN	hàng 12	T***@gmail.com	hamcheckpass trả về false — kiểm tra cột STATUS và Data/screenshots.
2026-06-01 14:05:33.313	DEBUG	hàng 12		Không chụp screenshot: Process exited
2026-06-01 14:05:34.808	WARN	hàng 11	G***@gmail.com	Drive upload tab 2: My Drive chưa sẵn sàng (không thấy nút New).
2026-06-01 14:05:34.808	WARN	hàng 11	G***@gmail.com	Drive: hàng 11 — 0/2 tab upload được.
2026-06-01 14:05:36.822	WARN	hàng 11		STEP 4–5 (đổi avatar) — thất bại sau 2 lần (có F5 retry): TargetClosedException — Process exited
2026-06-01 14:05:38.336	WARN	hàng 11	G***@gmail.com	hamcheckpass trả về false — kiểm tra cột STATUS và Data/screenshots.
2026-06-01 14:05:38.337	DEBUG	hàng 11		Không chụp screenshot: Process exited
2026-06-01 14:05:41.463	ERROR	hàng 21	P***@gmail.com	ConnectOverCDP: Process exited
2026-06-01 14:05:43.446	ERROR	hàng 22	C***@gmail.com	ConnectOverCDP: Process exited
2026-06-01 14:05:45.408	ERROR	hàng 23	H***@gmail.com	ConnectOverCDP: Process exited
2026-06-01 14:05:47.297	ERROR	hàng 24	L***@gmail.com	ConnectOverCDP: Process exited
2026-06-01 14:05:49.325	ERROR	hàng 25	D***@gmail.com	ConnectOverCDP: Process exited
2026-06-01 14:05:49.328	WARN	-		Batch 21–25: không profile nào vượt kiểm tra chrome://version (proxy khớp lưới).
2026-06-01 14:05:49.329	INFO	-		Kết thúc batch: OK=10 Fail=10 (Playwright đã đóng).
2026-06-01 14:13:01.196	INFO	-		Bắt đầu batch: 5 account, luồng 10, bắt buộc PROXY mỗi hàng=True, nhóm GPM log="112", Log mail=mới (không lọc/ghi dead_*.log; mail chết chỉ ghi chú GPM, không xóa profile).
2026-06-01 14:14:58.280	DEBUG	hàng 21	P***@gmail.com	Preferred language hiện tại: English (United States)
2026-06-01 14:14:58.721	DEBUG	hàng 22	C***@gmail.com	Preferred language hiện tại: English (United States)
2026-06-01 14:14:59.194	DEBUG	hàng 23	H***@gmail.com	Preferred language hiện tại: English (United States)
2026-06-01 14:14:59.440	DEBUG	hàng 24	L***@gmail.com	Preferred language hiện tại: English (United States)
2026-06-01 14:15:02.937	DEBUG	hàng 25	D***@gmail.com	Preferred language hiện tại: English (United States)
2026-06-01 14:15:51.033	INFO	hàng 21		2fa.cn: đã nhập secret và Submit.
2026-06-01 14:15:51.043	WARN	hàng 21	P***@gmail.com	Drive upload: không có tab upload cho hàng 21 (kế hoạch 25 tab).
2026-06-01 14:15:51.151	INFO	hàng 24		2fa.cn: đã nhập secret và Submit.
2026-06-01 14:15:51.152	WARN	hàng 24	L***@gmail.com	Drive upload: không có tab upload cho hàng 24 (kế hoạch 25 tab).
2026-06-01 14:15:51.221	INFO	hàng 23		2fa.cn: đã nhập secret và Submit.
2026-06-01 14:15:51.222	WARN	hàng 23	H***@gmail.com	Drive upload: không có tab upload cho hàng 23 (kế hoạch 25 tab).
2026-06-01 14:15:53.541	INFO	hàng 22		2fa.cn: đã nhập secret và Submit.
2026-06-01 14:15:53.542	WARN	hàng 22	C***@gmail.com	Drive upload: không có tab upload cho hàng 22 (kế hoạch 25 tab).
2026-06-01 14:15:55.292	INFO	hàng 25		2fa.cn: đã nhập secret và Submit.
2026-06-01 14:15:55.293	WARN	hàng 25	D***@gmail.com	Drive upload: không có tab upload cho hàng 25 (kế hoạch 25 tab).
2026-06-01 14:17:34.888	WARN	hàng 23	H***@gmail.com	[Script] Lỗi deleted function sau Run lần 1 — F5 + Run lại.
2026-06-01 14:17:35.105	WARN	hàng 23	H***@gmail.com	[Script] Reload (F5) editor sau cảnh báo Execution log — chạy lại Run.
2026-06-01 14:17:41.713	WARN	hàng 22	C***@gmail.com	hamcheckpass trả về false — kiểm tra cột STATUS và Data/screenshots.
2026-06-01 14:17:44.090	INFO	hàng 22		Screenshot lỗi: D:\Code\Auto_Login_Gmail_GPM_V2\Data\screenshots\login_flow_fail_hang22_20260601_141741718.png
2026-06-01 14:17:44.590	WARN	hàng 24	L***@gmail.com	[Script] Lỗi deleted function sau Run lần 1 — F5 + Run lại.
2026-06-01 14:17:44.841	WARN	hàng 24	L***@gmail.com	[Script] Reload (F5) editor sau cảnh báo Execution log — chạy lại Run.
2026-06-01 14:17:47.877	WARN	hàng 25	D***@gmail.com	[Script] Lỗi deleted function sau Run lần 1 — F5 + Run lại.
2026-06-01 14:17:48.113	WARN	hàng 25	D***@gmail.com	[Script] Reload (F5) editor sau cảnh báo Execution log — chạy lại Run.
2026-06-01 14:17:53.633	WARN	hàng 23	H***@gmail.com	[Script] Authorization required sau Run lần 1 — chạy thêm 1 vòng F5 + Run.
2026-06-01 14:17:53.888	WARN	hàng 23	H***@gmail.com	[Script] Reload (F5) editor sau cảnh báo Execution log — chạy lại Run.
2026-06-01 14:18:02.873	WARN	hàng 24	L***@gmail.com	[Script] Authorization required sau Run lần 1 — chạy thêm 1 vòng F5 + Run.
2026-06-01 14:18:03.102	WARN	hàng 24	L***@gmail.com	[Script] Reload (F5) editor sau cảnh báo Execution log — chạy lại Run.
2026-06-01 14:18:06.060	WARN	hàng 25	D***@gmail.com	[Script] Authorization required sau Run lần 1 — chạy thêm 1 vòng F5 + Run.
2026-06-01 14:18:06.291	WARN	hàng 25	D***@gmail.com	[Script] Reload (F5) editor sau cảnh báo Execution log — chạy lại Run.
2026-06-01 14:18:57.498	INFO	hàng 23	H***@gmail.com	Hoàn tất chu trình (hamcheckpass OK).
2026-06-01 14:18:58.323	INFO	hàng 24	L***@gmail.com	Hoàn tất chu trình (hamcheckpass OK).
2026-06-01 14:19:00.713	INFO	hàng 25	D***@gmail.com	Hoàn tất chu trình (hamcheckpass OK).
2026-06-01 14:34:41.363	WARN	hàng 21	P***@gmail.com	hamcheckpass trả về false — kiểm tra cột STATUS và Data/screenshots.
2026-06-01 14:34:41.461	INFO	-		Kết thúc batch: OK=3 Fail=2 (Playwright đã đóng).
2026-06-01 16:26:44.555	INFO	-		Bắt đầu batch: 25 account, luồng 10, bắt buộc PROXY mỗi hàng=True, nhóm GPM log="113", Log mail=mới (không lọc/ghi dead_*.log; mail chết chỉ ghi chú GPM, không xóa profile).
2026-06-01 16:28:32.738	DEBUG	hàng 1	M***@gmail.com	Preferred language hiện tại: English (United States)
2026-06-01 16:28:33.462	DEBUG	hàng 3	W***@gmail.com	Preferred language hiện tại: English (United States)
2026-06-01 16:28:33.910	DEBUG	hàng 4	T***@gmail.com	Preferred language hiện tại: English (United States)
2026-06-01 16:28:42.329	DEBUG	hàng 6	A***@gmail.com	Preferred language hiện tại: English (United States)
2026-06-01 16:28:42.918	DEBUG	hàng 8	J***@gmail.com	Preferred language hiện tại: English (United States)
2026-06-01 16:28:42.994	DEBUG	hàng 10	F***@gmail.com	Preferred language hiện tại: English (United States)
2026-06-01 16:28:43.081	DEBUG	hàng 7	G***@gmail.com	Preferred language hiện tại: English (United States)
2026-06-01 16:28:43.192	DEBUG	hàng 5	B***@gmail.com	Preferred language hiện tại: English (United States)
2026-06-01 16:28:43.366	DEBUG	hàng 9	A***@gmail.com	Preferred language hiện tại: English (United States)
2026-06-01 16:29:24.845	INFO	hàng 1		2fa.cn: đã nhập secret và Submit.
2026-06-01 16:29:25.924	INFO	hàng 3		2fa.cn: đã nhập secret và Submit.
2026-06-01 16:29:26.446	INFO	hàng 4		2fa.cn: đã nhập secret và Submit.
2026-06-01 16:29:34.994	INFO	hàng 8		2fa.cn: đã nhập secret và Submit.
2026-06-01 16:29:35.444	INFO	hàng 9		2fa.cn: đã nhập secret và Submit.
2026-06-01 16:29:36.574	INFO	hàng 5		2fa.cn: đã nhập secret và Submit.
2026-06-01 16:29:36.754	INFO	hàng 7		2fa.cn: đã nhập secret và Submit.
2026-06-01 16:29:36.853	INFO	hàng 10		2fa.cn: đã nhập secret và Submit.
2026-06-01 16:29:36.904	INFO	hàng 6		2fa.cn: đã nhập secret và Submit.
2026-06-01 16:29:41.224	INFO	hàng 3	W***@gmail.com	Drive upload tab 1: đã SetFiles qua file chooser.
2026-06-01 16:29:42.545	INFO	hàng 4	T***@gmail.com	Drive upload tab 1: đã SetFiles qua file chooser.
2026-06-01 16:29:45.911	INFO	hàng 3	W***@gmail.com	Drive upload tab 1: xác nhận OK — 'Meta Verified.pdf' đã có trên Drive.
2026-06-01 16:29:46.242	INFO	hàng 1	M***@gmail.com	Drive upload tab 1: đã SetFiles qua file chooser.
2026-06-01 16:29:49.103	INFO	hàng 4	T***@gmail.com	Drive upload tab 1: xác nhận OK — 'Meta Verified.pdf' đã có trên Drive.
2026-06-01 16:29:52.523	INFO	hàng 1	M***@gmail.com	Drive upload tab 1: xác nhận OK — 'Meta Verified.pdf' đã có trên Drive.
2026-06-01 16:29:54.974	INFO	hàng 8	J***@gmail.com	Drive upload tab 1: đã SetFiles qua file chooser.
2026-06-01 16:29:59.201	INFO	hàng 5	B***@gmail.com	Drive upload tab 1: đã SetFiles qua file chooser.
2026-06-01 16:29:59.406	INFO	hàng 10	F***@gmail.com	Drive upload tab 1: đã SetFiles qua file chooser.
2026-06-01 16:30:00.036	INFO	hàng 9	A***@gmail.com	Drive upload tab 1: đã SetFiles qua file chooser.
2026-06-01 16:30:00.457	INFO	hàng 7	G***@gmail.com	Drive upload tab 1: đã SetFiles qua file chooser.
2026-06-01 16:30:01.248	INFO	hàng 8	J***@gmail.com	Drive upload tab 1: xác nhận OK — 'Meta Verified.pdf' đã có trên Drive.
2026-06-01 16:30:03.465	INFO	hàng 5	B***@gmail.com	Drive upload tab 1: xác nhận OK — 'Meta Verified.pdf' đã có trên Drive.
2026-06-01 16:30:04.217	INFO	hàng 9	A***@gmail.com	Drive upload tab 1: xác nhận OK — 'Meta Verified.pdf' đã có trên Drive.
2026-06-01 16:30:04.442	INFO	hàng 6	A***@gmail.com	Drive upload tab 1: đã SetFiles qua file chooser.
2026-06-01 16:30:05.747	INFO	hàng 10	F***@gmail.com	Drive upload tab 1: xác nhận OK — 'Meta Verified.pdf' đã có trên Drive.
2026-06-01 16:30:06.698	INFO	hàng 7	G***@gmail.com	Drive upload tab 1: xác nhận OK — 'Meta Verified.pdf' đã có trên Drive.
2026-06-01 16:30:07.000	INFO	hàng 3	W***@gmail.com	Drive share tab 1: link = https://drive.google.com/file/d/18V6C0fphdEuYktD75eo5lplguyy7u2KX/view?usp=sharing
2026-06-01 16:30:07.138	INFO	hàng 4	T***@gmail.com	Drive share tab 1: link = https://drive.google.com/file/d/18V6C0fphdEuYktD75eo5lplguyy7u2KX/view?usp=sharing
2026-06-01 16:30:08.371	INFO	hàng 1	M***@gmail.com	Drive share tab 1: link = https://drive.google.com/file/d/1ix0vIXIjCjNIzwyThiSLwl1opGbHrmdD/view?usp=sharing
2026-06-01 16:30:08.686	INFO	hàng 6	A***@gmail.com	Drive upload tab 1: xác nhận OK — 'Meta Verified.pdf' đã có trên Drive.
2026-06-01 16:30:14.623	INFO	hàng 4	T***@gmail.com	Drive: hàng 4 — upload+share+link OK 1/1 tab.
2026-06-01 16:30:15.493	INFO	hàng 1	M***@gmail.com	Drive: hàng 1 — upload+share+link OK 1/1 tab.
2026-06-01 16:30:16.838	INFO	hàng 8	J***@gmail.com	Drive share tab 1: link = https://drive.google.com/file/d/1jj4ZfPJzRbf-259H6TDB91_vYgET8lgo/view?usp=sharing
2026-06-01 16:30:16.963	INFO	hàng 3	W***@gmail.com	Drive: hàng 3 — upload+share+link OK 1/1 tab.
2026-06-01 16:30:20.823	INFO	hàng 9	A***@gmail.com	Drive share tab 1: link = https://drive.google.com/file/d/1u2LRoZbYcG0tF-2CXKHSa5p2EM-xfUEs/view?usp=sharing
2026-06-01 16:30:22.586	INFO	hàng 5	B***@gmail.com	Drive share tab 1: link = https://drive.google.com/file/d/1AbFMshfmVdORn32NeehZ9q-Jv3ZsQ2hl/view?usp=sharing
2026-06-01 16:30:22.801	INFO	hàng 8	J***@gmail.com	Drive: hàng 8 — upload+share+link OK 1/1 tab.
2026-06-01 16:30:22.874	INFO	hàng 7	G***@gmail.com	Drive share tab 1: link = https://drive.google.com/file/d/1iGrmM5uBoWkg1Q1Q0yvH7gzaUNverDYT/view?usp=sharing
2026-06-01 16:30:23.779	INFO	hàng 6	A***@gmail.com	Drive share tab 1: link = https://drive.google.com/file/d/1iGrmM5uBoWkg1Q1Q0yvH7gzaUNverDYT/view?usp=sharing
2026-06-01 16:30:26.204	INFO	hàng 10	F***@gmail.com	Drive share tab 1: link = https://drive.google.com/file/d/1HPsaTGAbBVB-T-_W4fS00RlbH5k4nzSb/view?usp=sharing
2026-06-01 16:30:27.008	INFO	hàng 9	A***@gmail.com	Drive: hàng 9 — upload+share+link OK 1/1 tab.
2026-06-01 16:30:28.775	INFO	hàng 7	G***@gmail.com	Drive: hàng 7 — upload+share+link OK 1/1 tab.
2026-06-01 16:30:28.776	INFO	hàng 5	B***@gmail.com	Drive: hàng 5 — upload+share+link OK 1/1 tab.
2026-06-01 16:30:32.014	INFO	hàng 6	A***@gmail.com	Drive: hàng 6 — upload+share+link OK 1/1 tab.
2026-06-01 16:30:35.460	INFO	hàng 10	F***@gmail.com	Drive: hàng 10 — upload+share+link OK 1/1 tab.
2026-06-01 16:31:44.822	WARN	hàng 3	W***@gmail.com	[Script] Lỗi deleted function sau Run lần 1 — F5 + Run lại.
2026-06-01 16:31:45.111	WARN	hàng 3	W***@gmail.com	[Script] Reload (F5) editor sau cảnh báo Execution log — chạy lại Run.
2026-06-01 16:31:47.234	WARN	hàng 4	T***@gmail.com	[Script] Lỗi deleted function sau Run lần 1 — F5 + Run lại.
2026-06-01 16:31:47.479	WARN	hàng 4	T***@gmail.com	[Script] Reload (F5) editor sau cảnh báo Execution log — chạy lại Run.
2026-06-01 16:31:52.436	WARN	hàng 1	M***@gmail.com	[Script] Lỗi deleted function sau Run lần 1 — F5 + Run lại.
2026-06-01 16:31:52.654	WARN	hàng 1	M***@gmail.com	[Script] Reload (F5) editor sau cảnh báo Execution log — chạy lại Run.
2026-06-01 16:31:56.025	WARN	hàng 8	J***@gmail.com	[Script] Lỗi deleted function sau Run lần 1 — F5 + Run lại.
2026-06-01 16:31:56.240	WARN	hàng 8	J***@gmail.com	[Script] Reload (F5) editor sau cảnh báo Execution log — chạy lại Run.
2026-06-01 16:32:02.524	WARN	hàng 6	A***@gmail.com	[Script] Lỗi deleted function sau Run lần 1 — F5 + Run lại.
2026-06-01 16:32:02.750	WARN	hàng 6	A***@gmail.com	[Script] Reload (F5) editor sau cảnh báo Execution log — chạy lại Run.
2026-06-01 16:32:02.822	WARN	hàng 3	W***@gmail.com	[Script] Authorization required sau Run lần 1 — chạy thêm 1 vòng F5 + Run.
2026-06-01 16:32:03.043	WARN	hàng 3	W***@gmail.com	[Script] Reload (F5) editor sau cảnh báo Execution log — chạy lại Run.
2026-06-01 16:32:03.164	WARN	hàng 9	A***@gmail.com	[Script] Lỗi deleted function sau Run lần 1 — F5 + Run lại.
2026-06-01 16:32:03.397	WARN	hàng 9	A***@gmail.com	[Script] Reload (F5) editor sau cảnh báo Execution log — chạy lại Run.
2026-06-01 16:32:06.556	WARN	hàng 4	T***@gmail.com	[Script] Authorization required sau Run lần 1 — chạy thêm 1 vòng F5 + Run.
2026-06-01 16:32:06.785	WARN	hàng 4	T***@gmail.com	[Script] Reload (F5) editor sau cảnh báo Execution log — chạy lại Run.
2026-06-01 16:32:10.419	WARN	hàng 1	M***@gmail.com	[Script] Authorization required sau Run lần 1 — chạy thêm 1 vòng F5 + Run.
2026-06-01 16:32:10.657	WARN	hàng 1	M***@gmail.com	[Script] Reload (F5) editor sau cảnh báo Execution log — chạy lại Run.
2026-06-01 16:32:13.515	WARN	hàng 8	J***@gmail.com	[Script] Authorization required sau Run lần 1 — chạy thêm 1 vòng F5 + Run.
2026-06-01 16:32:13.776	WARN	hàng 8	J***@gmail.com	[Script] Reload (F5) editor sau cảnh báo Execution log — chạy lại Run.
2026-06-01 16:32:15.570	WARN	hàng 7	G***@gmail.com	[Script] Lỗi deleted function sau Run lần 1 — F5 + Run lại.
2026-06-01 16:32:15.836	WARN	hàng 7	G***@gmail.com	[Script] Reload (F5) editor sau cảnh báo Execution log — chạy lại Run.
2026-06-01 16:32:18.342	WARN	hàng 10	F***@gmail.com	[Script] Lỗi deleted function sau Run lần 1 — F5 + Run lại.
2026-06-01 16:32:18.633	WARN	hàng 10	F***@gmail.com	[Script] Reload (F5) editor sau cảnh báo Execution log — chạy lại Run.
2026-06-01 16:32:21.162	WARN	hàng 6	A***@gmail.com	[Script] Authorization required sau Run lần 1 — chạy thêm 1 vòng F5 + Run.
2026-06-01 16:32:21.400	WARN	hàng 6	A***@gmail.com	[Script] Reload (F5) editor sau cảnh báo Execution log — chạy lại Run.
2026-06-01 16:32:22.020	WARN	hàng 9	A***@gmail.com	[Script] Authorization required sau Run lần 1 — chạy thêm 1 vòng F5 + Run.
2026-06-01 16:32:22.408	WARN	hàng 9	A***@gmail.com	[Script] Reload (F5) editor sau cảnh báo Execution log — chạy lại Run.
2026-06-01 16:32:24.743	WARN	hàng 5	B***@gmail.com	[Script] Lỗi deleted function sau Run lần 1 — F5 + Run lại.
2026-06-01 16:32:25.073	WARN	hàng 5	B***@gmail.com	[Script] Reload (F5) editor sau cảnh báo Execution log — chạy lại Run.
2026-06-01 16:32:34.205	WARN	hàng 7	G***@gmail.com	[Script] Authorization required sau Run lần 1 — chạy thêm 1 vòng F5 + Run.
2026-06-01 16:32:34.426	WARN	hàng 7	G***@gmail.com	[Script] Reload (F5) editor sau cảnh báo Execution log — chạy lại Run.
2026-06-01 16:32:36.884	WARN	hàng 10	F***@gmail.com	[Script] Authorization required sau Run lần 1 — chạy thêm 1 vòng F5 + Run.
2026-06-01 16:32:37.105	WARN	hàng 10	F***@gmail.com	[Script] Reload (F5) editor sau cảnh báo Execution log — chạy lại Run.
2026-06-01 16:32:42.595	WARN	hàng 5	B***@gmail.com	[Script] Authorization required sau Run lần 1 — chạy thêm 1 vòng F5 + Run.
2026-06-01 16:32:42.835	WARN	hàng 5	B***@gmail.com	[Script] Reload (F5) editor sau cảnh báo Execution log — chạy lại Run.
2026-06-01 16:32:58.022	INFO	hàng 3	W***@gmail.com	Hoàn tất chu trình (hamcheckpass OK).
2026-06-01 16:33:03.527	INFO	hàng 4	T***@gmail.com	Hoàn tất chu trình (hamcheckpass OK).
2026-06-01 16:33:04.383	DEBUG	hàng 2	H***@gmail.com	Preferred language hiện tại: English (United States)
2026-06-01 16:33:05.822	INFO	hàng 1	M***@gmail.com	Hoàn tất chu trình (hamcheckpass OK).
2026-06-01 16:33:12.500	INFO	hàng 8	J***@gmail.com	Hoàn tất chu trình (hamcheckpass OK).
2026-06-01 16:33:15.617	INFO	hàng 6	A***@gmail.com	Hoàn tất chu trình (hamcheckpass OK).
2026-06-01 16:33:27.096	INFO	hàng 7	G***@gmail.com	Hoàn tất chu trình (hamcheckpass OK).
2026-06-01 16:33:31.227	INFO	hàng 10	F***@gmail.com	Hoàn tất chu trình (hamcheckpass OK).
2026-06-01 16:33:32.714	WARN	hàng 9	A***@gmail.com	hamcheckpass trả về false — kiểm tra cột STATUS và Data/screenshots.
2026-06-01 16:33:32.798	INFO	hàng 9		Screenshot lỗi: D:\Code\Auto_Login_Gmail_GPM_V2\Data\screenshots\login_flow_fail_hang9_20260601_163332719.png
2026-06-01 16:33:36.834	INFO	hàng 5	B***@gmail.com	Hoàn tất chu trình (hamcheckpass OK).
2026-06-01 16:33:56.871	INFO	hàng 2		2fa.cn: đã nhập secret và Submit.
2026-06-01 16:34:10.929	INFO	hàng 2	H***@gmail.com	Drive upload tab 1: đã SetFiles qua file chooser.
2026-06-01 16:34:17.345	INFO	hàng 2	H***@gmail.com	Drive upload tab 1: xác nhận OK — 'Meta Verified.pdf' đã có trên Drive.
2026-06-01 16:34:32.318	INFO	hàng 2	H***@gmail.com	Drive share tab 1: link = https://drive.google.com/file/d/1__qIg0NR3r9yaghQhvxzBdVuwnKzlrJS/view?usp=sharing
2026-06-01 16:34:40.049	INFO	hàng 2	H***@gmail.com	Drive: hàng 2 — upload+share+link OK 1/1 tab.
2026-06-01 16:36:09.105	WARN	hàng 2	H***@gmail.com	[Script] Lỗi deleted function sau Run lần 1 — F5 + Run lại.
2026-06-01 16:36:09.322	WARN	hàng 2	H***@gmail.com	[Script] Reload (F5) editor sau cảnh báo Execution log — chạy lại Run.
2026-06-01 16:36:27.007	WARN	hàng 2	H***@gmail.com	[Script] Authorization required sau Run lần 1 — chạy thêm 1 vòng F5 + Run.
2026-06-01 16:36:27.227	WARN	hàng 2	H***@gmail.com	[Script] Reload (F5) editor sau cảnh báo Execution log — chạy lại Run.
2026-06-01 16:37:28.774	INFO	hàng 2	H***@gmail.com	Hoàn tất chu trình (hamcheckpass OK).
2026-06-01 16:39:22.780	DEBUG	hàng 12	P***@gmail.com	Preferred language hiện tại: English (United States)
2026-06-01 16:39:22.852	DEBUG	hàng 13	R***@gmail.com	Preferred language hiện tại: English (United States)
2026-06-01 16:39:23.804	DEBUG	hàng 16	V***@gmail.com	Preferred language hiện tại: English (United States)
2026-06-01 16:39:23.814	DEBUG	hàng 15	A***@gmail.com	Preferred language hiện tại: English (United States)
2026-06-01 16:39:24.374	DEBUG	hàng 14	T***@gmail.com	Preferred language hiện tại: English (United States)
2026-06-01 16:39:26.139	DEBUG	hàng 18	F***@gmail.com	Preferred language hiện tại: English (United States)
2026-06-01 16:39:26.640	DEBUG	hàng 17	S***@gmail.com	Preferred language hiện tại: English (United States)
2026-06-01 16:39:27.573	DEBUG	hàng 19	S***@gmail.com	Preferred language hiện tại: English (United States)
2026-06-01 16:39:28.209	DEBUG	hàng 20	C***@gmail.com	Preferred language hiện tại: English (United States)
2026-06-01 16:39:31.831	DEBUG	hàng 11	V***@gmail.com	Preferred language hiện tại: 简体中文
2026-06-01 16:39:37.404	INFO	hàng 19		2fa.cn: đã nhập secret và Submit.
2026-06-01 16:39:45.723	DEBUG	hàng 11	V***@gmail.com	Click «Make preferred» attempt 1: True
2026-06-01 16:39:54.954	INFO	hàng 19	S***@gmail.com	Drive upload tab 1: đã SetFiles qua file chooser.
2026-06-01 16:40:03.419	INFO	hàng 19	S***@gmail.com	Drive upload tab 1: xác nhận OK — 'Meta Verified.pdf' đã có trên Drive.
2026-06-01 16:40:14.409	INFO	hàng 13		2fa.cn: đã nhập secret và Submit.
2026-06-01 16:40:19.593	INFO	hàng 19	S***@gmail.com	Drive share tab 1: link = https://drive.google.com/file/d/1Jg_BSuUe9KNt5wQR-sFNNyTOb0VtUZij/view?usp=sharing
2026-06-01 16:40:19.660	INFO	hàng 15		2fa.cn: đã nhập secret và Submit.
2026-06-01 16:40:19.800	INFO	hàng 20		2fa.cn: đã nhập secret và Submit.
2026-06-01 16:40:20.546	INFO	hàng 14		2fa.cn: đã nhập secret và Submit.
2026-06-01 16:40:21.878	INFO	hàng 18		2fa.cn: đã nhập secret và Submit.
2026-06-01 16:40:22.378	INFO	hàng 17		2fa.cn: đã nhập secret và Submit.
2026-06-01 16:40:23.020	INFO	hàng 12		2fa.cn: đã nhập secret và Submit.
2026-06-01 16:40:23.338	INFO	hàng 16		2fa.cn: đã nhập secret và Submit.
2026-06-01 16:40:26.038	INFO	hàng 19	S***@gmail.com	Drive: hàng 19 — upload+share+link OK 1/1 tab.
2026-06-01 16:40:36.430	INFO	hàng 13	R***@gmail.com	Drive upload tab 1: đã SetFiles qua file chooser.
2026-06-01 16:40:36.913	INFO	hàng 11		2fa.cn: đã nhập secret và Submit.
2026-06-01 16:40:38.693	INFO	hàng 17	S***@gmail.com	Drive upload tab 1: đã SetFiles qua file chooser.
2026-06-01 16:40:40.731	INFO	hàng 15	A***@gmail.com	Drive upload tab 1: đã SetFiles qua file chooser.
2026-06-01 16:40:43.467	INFO	hàng 14	T***@gmail.com	Drive upload tab 1: đã SetFiles qua file chooser.
2026-06-01 16:40:44.239	INFO	hàng 20	C***@gmail.com	Drive upload tab 1: đã SetFiles qua file chooser.
2026-06-01 16:40:44.871	INFO	hàng 13	R***@gmail.com	Drive upload tab 1: xác nhận OK — 'Meta Verified.pdf' đã có trên Drive.
2026-06-01 16:40:45.871	INFO	hàng 12	P***@gmail.com	Drive upload tab 1: đã SetFiles qua file chooser.
2026-06-01 16:40:47.242	INFO	hàng 17	S***@gmail.com	Drive upload tab 1: xác nhận OK — 'Meta Verified.pdf' đã có trên Drive.
2026-06-01 16:40:47.708	INFO	hàng 18	F***@gmail.com	Drive upload tab 1: đã SetFiles qua file chooser.
2026-06-01 16:40:49.255	INFO	hàng 15	A***@gmail.com	Drive upload tab 1: xác nhận OK — 'Meta Verified.pdf' đã có trên Drive.
2026-06-01 16:40:49.847	INFO	hàng 14	T***@gmail.com	Drive upload tab 1: xác nhận OK — 'Meta Verified.pdf' đã có trên Drive.
2026-06-01 16:40:50.577	INFO	hàng 20	C***@gmail.com	Drive upload tab 1: xác nhận OK — 'Meta Verified.pdf' đã có trên Drive.
2026-06-01 16:40:52.200	INFO	hàng 12	P***@gmail.com	Drive upload tab 1: xác nhận OK — 'Meta Verified.pdf' đã có trên Drive.
2026-06-01 16:40:57.805	INFO	hàng 18	F***@gmail.com	Drive upload tab 1: xác nhận OK — 'Meta Verified.pdf' đã có trên Drive.
2026-06-01 16:41:01.196	WARN	hàng 18	F***@gmail.com	Drive share tab 1: General access — Frame was detached Call log:   - waiting for Locator("div.u5mDnb").First to be visible
2026-06-01 16:41:01.196	WARN	hàng 18	F***@gmail.com	Drive share tab 1: không đặt được General access = Anyone with the link.
2026-06-01 16:41:01.231	WARN	hàng 18	F***@gmail.com	Drive: hàng 18 — upload 1 tab nhưng share/link 0 tab.
2026-06-01 16:41:01.994	INFO	hàng 13	R***@gmail.com	Drive share tab 1: link = https://drive.google.com/file/d/1MARrLkKPWVxM_O9_As1s8E12tkTj5P92/view?usp=sharing
2026-06-01 16:41:03.865	INFO	hàng 17	S***@gmail.com	Drive share tab 1: link = https://drive.google.com/file/d/1mflGLNvWP0bKfEDuROwc5o50mrmOImDR/view?usp=sharing
2026-06-01 16:41:05.730	INFO	hàng 15	A***@gmail.com	Drive share tab 1: link = https://drive.google.com/file/d/18cT8SzI-yLGalSkHNCWh5xSn9_YMvVC0/view?usp=sharing
2026-06-01 16:41:05.807	INFO	hàng 16	V***@gmail.com	Drive upload tab 1: đã SetFiles qua file chooser.
2026-06-01 16:41:06.164	INFO	hàng 14	T***@gmail.com	Drive share tab 1: link = https://drive.google.com/file/d/1I7ZG8sPo7GFEBsBf1f4KhvNoIatzTJWD/view?usp=sharing
2026-06-01 16:41:07.215	INFO	hàng 20	C***@gmail.com	Drive share tab 1: link = https://drive.google.com/file/d/1I7ZG8sPo7GFEBsBf1f4KhvNoIatzTJWD/view?usp=sharing
2026-06-01 16:41:10.752	INFO	hàng 17	S***@gmail.com	Drive: hàng 17 — upload+share+link OK 1/1 tab.
2026-06-01 16:41:11.496	INFO	hàng 12	P***@gmail.com	Drive share tab 1: link = https://drive.google.com/file/d/10PLb7o_g7rZFi1dVBcfV7umEMY2AYXMG/view?usp=sharing
2026-06-01 16:41:12.103	INFO	hàng 14	T***@gmail.com	Drive: hàng 14 — upload+share+link OK 1/1 tab.
2026-06-01 16:41:12.384	INFO	hàng 15	A***@gmail.com	Drive: hàng 15 — upload+share+link OK 1/1 tab.
2026-06-01 16:41:14.313	INFO	hàng 16	V***@gmail.com	Drive upload tab 1: xác nhận OK — 'Meta Verified.pdf' đã có trên Drive.
2026-06-01 16:41:18.336	INFO	hàng 20	C***@gmail.com	Drive: hàng 20 — upload+share+link OK 1/1 tab.
2026-06-01 16:41:18.726	INFO	hàng 11	V***@gmail.com	Drive upload tab 1: đã SetFiles qua file chooser.
2026-06-01 16:41:19.678	INFO	hàng 12	P***@gmail.com	Drive: hàng 12 — upload+share+link OK 1/1 tab.
2026-06-01 16:41:19.986	INFO	hàng 13	R***@gmail.com	Drive: hàng 13 — upload+share+link OK 1/1 tab.
2026-06-01 16:41:27.419	INFO	hàng 11	V***@gmail.com	Drive upload tab 1: xác nhận OK — 'Meta Verified.pdf' đã có trên Drive.
2026-06-01 16:41:30.969	INFO	hàng 16	V***@gmail.com	Drive share tab 1: link = https://drive.google.com/file/d/1ZzX21i9N0cl9p7txgRvsMIYG6-9ru-DF/view?usp=sharing
2026-06-01 16:41:39.222	INFO	hàng 16	V***@gmail.com	Drive: hàng 16 — upload+share+link OK 1/1 tab.
2026-06-01 16:41:45.431	INFO	hàng 11	V***@gmail.com	Drive share tab 1: link = https://drive.google.com/file/d/1Jm8TO60Sa7IJr1zxAqsBFQUaVDJ5OKWQ/view?usp=sharing
2026-06-01 16:41:57.073	INFO	hàng 11	V***@gmail.com	Drive: hàng 11 — upload+share+link OK 1/1 tab.
2026-06-01 16:41:57.944	WARN	hàng 19	S***@gmail.com	[Script] Lỗi deleted function sau Run lần 1 — F5 + Run lại.
2026-06-01 16:41:58.317	WARN	hàng 19	S***@gmail.com	[Script] Reload (F5) editor sau cảnh báo Execution log — chạy lại Run.
2026-06-01 16:42:17.031	WARN	hàng 19	S***@gmail.com	[Script] Authorization required sau Run lần 1 — chạy thêm 1 vòng F5 + Run.
2026-06-01 16:42:17.413	WARN	hàng 19	S***@gmail.com	[Script] Reload (F5) editor sau cảnh báo Execution log — chạy lại Run.
2026-06-01 16:42:40.610	WARN	hàng 18	F***@gmail.com	[Script] Lỗi deleted function sau Run lần 1 — F5 + Run lại.
2026-06-01 16:42:40.898	WARN	hàng 18	F***@gmail.com	[Script] Reload (F5) editor sau cảnh báo Execution log — chạy lại Run.
2026-06-01 16:42:42.185	WARN	hàng 17	S***@gmail.com	[Script] Lỗi deleted function sau Run lần 1 — F5 + Run lại.
2026-06-01 16:42:42.420	WARN	hàng 17	S***@gmail.com	[Script] Reload (F5) editor sau cảnh báo Execution log — chạy lại Run.
2026-06-01 16:42:48.329	WARN	hàng 14	T***@gmail.com	[Script] Lỗi deleted function sau Run lần 1 — F5 + Run lại.
2026-06-01 16:42:48.687	WARN	hàng 14	T***@gmail.com	[Script] Reload (F5) editor sau cảnh báo Execution log — chạy lại Run.
2026-06-01 16:42:48.983	WARN	hàng 15	A***@gmail.com	[Script] Lỗi deleted function sau Run lần 1 — F5 + Run lại.
2026-06-01 16:42:49.293	WARN	hàng 15	A***@gmail.com	[Script] Reload (F5) editor sau cảnh báo Execution log — chạy lại Run.
2026-06-01 16:42:53.931	WARN	hàng 17	S***@gmail.com	[Script] Authorization required sau Run lần 1 — chạy thêm 1 vòng F5 + Run.
2026-06-01 16:42:54.210	WARN	hàng 17	S***@gmail.com	[Script] Reload (F5) editor sau cảnh báo Execution log — chạy lại Run.
2026-06-01 16:42:59.114	WARN	hàng 13	R***@gmail.com	[Script] Lỗi deleted function sau Run lần 1 — F5 + Run lại.
2026-06-01 16:42:59.211	WARN	hàng 18	F***@gmail.com	[Script] Authorization required sau Run lần 1 — chạy thêm 1 vòng F5 + Run.
2026-06-01 16:42:59.416	WARN	hàng 13	R***@gmail.com	[Script] Reload (F5) editor sau cảnh báo Execution log — chạy lại Run.
2026-06-01 16:42:59.504	WARN	hàng 18	F***@gmail.com	[Script] Reload (F5) editor sau cảnh báo Execution log — chạy lại Run.
2026-06-01 16:43:07.511	WARN	hàng 14	T***@gmail.com	[Script] Authorization required sau Run lần 1 — chạy thêm 1 vòng F5 + Run.
2026-06-01 16:43:07.830	WARN	hàng 15	A***@gmail.com	[Script] Authorization required sau Run lần 1 — chạy thêm 1 vòng F5 + Run.
2026-06-01 16:43:07.833	WARN	hàng 14	T***@gmail.com	[Script] Reload (F5) editor sau cảnh báo Execution log — chạy lại Run.
2026-06-01 16:43:08.084	WARN	hàng 15	A***@gmail.com	[Script] Reload (F5) editor sau cảnh báo Execution log — chạy lại Run.
2026-06-01 16:43:13.312	WARN	hàng 12	P***@gmail.com	[Script] Lỗi deleted function sau Run lần 1 — F5 + Run lại.
2026-06-01 16:43:13.574	WARN	hàng 12	P***@gmail.com	[Script] Reload (F5) editor sau cảnh báo Execution log — chạy lại Run.
2026-06-01 16:43:14.529	INFO	hàng 19	S***@gmail.com	Hoàn tất chu trình (hamcheckpass OK).
2026-06-01 16:43:16.843	WARN	hàng 20	C***@gmail.com	[Script] Lỗi deleted function sau Run lần 1 — F5 + Run lại.
2026-06-01 16:43:17.151	WARN	hàng 20	C***@gmail.com	[Script] Reload (F5) editor sau cảnh báo Execution log — chạy lại Run.
2026-06-01 16:43:18.136	WARN	hàng 13	R***@gmail.com	[Script] Authorization required sau Run lần 1 — chạy thêm 1 vòng F5 + Run.
2026-06-01 16:43:18.451	WARN	hàng 13	R***@gmail.com	[Script] Reload (F5) editor sau cảnh báo Execution log — chạy lại Run.
2026-06-01 16:43:23.259	WARN	hàng 16	V***@gmail.com	[Script] Lỗi deleted function sau Run lần 1 — F5 + Run lại.
2026-06-01 16:43:23.714	WARN	hàng 16	V***@gmail.com	[Script] Reload (F5) editor sau cảnh báo Execution log — chạy lại Run.
2026-06-01 16:43:29.982	WARN	hàng 11	V***@gmail.com	[Script] Lỗi deleted function sau Run lần 1 — F5 + Run lại.
2026-06-01 16:43:30.280	WARN	hàng 11	V***@gmail.com	[Script] Reload (F5) editor sau cảnh báo Execution log — chạy lại Run.
2026-06-01 16:43:32.434	WARN	hàng 16	V***@gmail.com	[Script] Authorization required sau Run lần 1 — chạy thêm 1 vòng F5 + Run.
2026-06-01 16:43:32.445	WARN	hàng 12	P***@gmail.com	[Script] Authorization required sau Run lần 1 — chạy thêm 1 vòng F5 + Run.
2026-06-01 16:43:32.742	WARN	hàng 12	P***@gmail.com	[Script] Reload (F5) editor sau cảnh báo Execution log — chạy lại Run.
2026-06-01 16:43:32.824	WARN	hàng 16	V***@gmail.com	[Script] Reload (F5) editor sau cảnh báo Execution log — chạy lại Run.
2026-06-01 16:43:35.431	WARN	hàng 20	C***@gmail.com	[Script] Authorization required sau Run lần 1 — chạy thêm 1 vòng F5 + Run.
2026-06-01 16:43:35.694	WARN	hàng 20	C***@gmail.com	[Script] Reload (F5) editor sau cảnh báo Execution log — chạy lại Run.
2026-06-01 16:43:48.099	WARN	hàng 11	V***@gmail.com	[Script] Authorization required sau Run lần 1 — chạy thêm 1 vòng F5 + Run.
2026-06-01 16:43:48.446	WARN	hàng 11	V***@gmail.com	[Script] Reload (F5) editor sau cảnh báo Execution log — chạy lại Run.
2026-06-01 16:43:59.256	INFO	hàng 17	S***@gmail.com	Hoàn tất chu trình (hamcheckpass OK).
2026-06-01 16:44:00.063	INFO	hàng 18	F***@gmail.com	Hoàn tất chu trình (hamcheckpass OK).
2026-06-01 16:44:09.393	INFO	hàng 14	T***@gmail.com	Hoàn tất chu trình (hamcheckpass OK).
2026-06-01 16:44:11.009	INFO	hàng 15	A***@gmail.com	Hoàn tất chu trình (hamcheckpass OK).
2026-06-01 16:44:14.745	INFO	hàng 13	R***@gmail.com	Hoàn tất chu trình (hamcheckpass OK).
2026-06-01 16:44:28.675	INFO	hàng 16	V***@gmail.com	Hoàn tất chu trình (hamcheckpass OK).
2026-06-01 16:44:28.923	INFO	hàng 12	P***@gmail.com	Hoàn tất chu trình (hamcheckpass OK).
2026-06-01 16:44:32.358	INFO	hàng 20	C***@gmail.com	Hoàn tất chu trình (hamcheckpass OK).
2026-06-01 16:44:47.728	INFO	hàng 11	V***@gmail.com	Hoàn tất chu trình (hamcheckpass OK).
2026-06-01 16:46:43.225	DEBUG	hàng 25	L***@gmail.com	Preferred language hiện tại: English (United States)
2026-06-01 16:46:43.344	DEBUG	hàng 23	T***@gmail.com	Preferred language hiện tại: English (United States)
2026-06-01 16:46:43.477	DEBUG	hàng 21	N***@gmail.com	Preferred language hiện tại: English (United States)
2026-06-01 16:46:44.171	DEBUG	hàng 24	A***@gmail.com	Preferred language hiện tại: English (United States)
2026-06-01 16:46:45.078	DEBUG	hàng 22	S***@gmail.com	Preferred language hiện tại: English (United States)
2026-06-01 16:47:35.214	INFO	hàng 25		2fa.cn: đã nhập secret và Submit.
2026-06-01 16:47:35.757	INFO	hàng 21		2fa.cn: đã nhập secret và Submit.
2026-06-01 16:47:35.896	INFO	hàng 24		2fa.cn: đã nhập secret và Submit.
2026-06-01 16:47:37.834	INFO	hàng 22		2fa.cn: đã nhập secret và Submit.
2026-06-01 16:47:40.355	INFO	hàng 23		2fa.cn: đã nhập secret và Submit.
2026-06-01 16:47:54.250	INFO	hàng 25	L***@gmail.com	Drive upload tab 1: đã SetFiles qua file chooser.
2026-06-01 16:48:02.444	INFO	hàng 21	N***@gmail.com	Drive upload tab 1: đã SetFiles qua file chooser.
2026-06-01 16:48:02.614	INFO	hàng 25	L***@gmail.com	Drive upload tab 1: xác nhận OK — 'Meta Verified.pdf' đã có trên Drive.
2026-06-01 16:48:02.849	INFO	hàng 23	T***@gmail.com	Drive upload tab 1: đã SetFiles qua file chooser.
2026-06-01 16:48:04.650	INFO	hàng 24	A***@gmail.com	Drive upload tab 1: đã SetFiles qua file chooser.
2026-06-01 16:48:06.204	INFO	hàng 22	S***@gmail.com	Drive upload tab 1: đã SetFiles qua file chooser.
2026-06-01 16:48:10.972	INFO	hàng 21	N***@gmail.com	Drive upload tab 1: xác nhận OK — 'Meta Verified.pdf' đã có trên Drive.
2026-06-01 16:48:11.260	INFO	hàng 23	T***@gmail.com	Drive upload tab 1: xác nhận OK — 'Meta Verified.pdf' đã có trên Drive.
2026-06-01 16:48:13.049	INFO	hàng 24	A***@gmail.com	Drive upload tab 1: xác nhận OK — 'Meta Verified.pdf' đã có trên Drive.
2026-06-01 16:48:14.336	WARN	hàng 21	N***@gmail.com	Drive share tab 1: General access — Frame was detached Call log:   - waiting for Locator("div.u5mDnb").First to be visible
2026-06-01 16:48:14.336	WARN	hàng 21	N***@gmail.com	Drive share tab 1: không đặt được General access = Anyone with the link.
2026-06-01 16:48:14.363	WARN	hàng 21	N***@gmail.com	Drive: hàng 21 — upload 1 tab nhưng share/link 0 tab.
2026-06-01 16:48:14.640	INFO	hàng 22	S***@gmail.com	Drive upload tab 1: xác nhận OK — 'Meta Verified.pdf' đã có trên Drive.
2026-06-01 16:48:18.874	INFO	hàng 25	L***@gmail.com	Drive share tab 1: link = https://drive.google.com/file/d/1_CNB6vaKcImaPevGdWkCYxSf60xvNtR4/view?usp=sharing
2026-06-01 16:48:27.943	INFO	hàng 25	L***@gmail.com	Drive: hàng 25 — upload+share+link OK 1/1 tab.
2026-06-01 16:48:28.331	INFO	hàng 23	T***@gmail.com	Drive share tab 1: link = https://drive.google.com/file/d/12kJ11hdQVA0KgIGcNjXu9QGccxljoqr2/view?usp=sharing
2026-06-01 16:48:30.749	INFO	hàng 24	A***@gmail.com	Drive share tab 1: link = https://drive.google.com/file/d/1DHoUuneP-0QAUhBCmijtKK9QCf6KCaz6/view?usp=sharing
2026-06-01 16:48:31.533	INFO	hàng 22	S***@gmail.com	Drive share tab 1: link = https://drive.google.com/file/d/1DHoUuneP-0QAUhBCmijtKK9QCf6KCaz6/view?usp=sharing
2026-06-01 16:48:34.465	INFO	hàng 23	T***@gmail.com	Drive: hàng 23 — upload+share+link OK 1/1 tab.
2026-06-01 16:48:36.298	INFO	hàng 24	A***@gmail.com	Drive: hàng 24 — upload+share+link OK 1/1 tab.
2026-06-01 16:48:39.834	INFO	hàng 22	S***@gmail.com	Drive: hàng 22 — upload+share+link OK 1/1 tab.
2026-06-01 16:49:20.064	WARN	hàng 21		[Script] Mở script.new + chờ editor — thất bại sau 2 lần (có F5 retry): TargetClosedException — Target page, context or browser has been closed
2026-06-01 16:49:20.064	WARN	hàng 21	N***@gmail.com	hamcheckpass trả về false — kiểm tra cột STATUS và Data/screenshots.
2026-06-01 16:50:02.442	WARN	hàng 23	T***@gmail.com	[Script] Lỗi deleted function sau Run lần 1 — F5 + Run lại.
2026-06-01 16:50:02.713	WARN	hàng 23	T***@gmail.com	[Script] Reload (F5) editor sau cảnh báo Execution log — chạy lại Run.
2026-06-01 16:50:21.999	WARN	hàng 23	T***@gmail.com	[Script] Authorization required sau Run lần 1 — chạy thêm 1 vòng F5 + Run.
2026-06-01 16:50:22.248	WARN	hàng 23	T***@gmail.com	[Script] Reload (F5) editor sau cảnh báo Execution log — chạy lại Run.
2026-06-01 16:50:22.310	WARN	hàng 24	A***@gmail.com	[Script] Lỗi deleted function sau Run lần 1 — F5 + Run lại.
2026-06-01 16:50:22.540	WARN	hàng 24	A***@gmail.com	[Script] Reload (F5) editor sau cảnh báo Execution log — chạy lại Run.
2026-06-01 16:50:40.836	WARN	hàng 24	A***@gmail.com	[Script] Authorization required sau Run lần 1 — chạy thêm 1 vòng F5 + Run.
2026-06-01 16:50:41.075	WARN	hàng 24	A***@gmail.com	[Script] Reload (F5) editor sau cảnh báo Execution log — chạy lại Run.
2026-06-01 16:51:17.752	INFO	hàng 23	T***@gmail.com	Hoàn tất chu trình (hamcheckpass OK).
2026-06-01 16:51:33.560	INFO	hàng 24	A***@gmail.com	Hoàn tất chu trình (hamcheckpass OK).
2026-06-01 16:56:25.789	WARN	hàng 22		[Script] Mở script.new + chờ editor — thất bại sau 2 lần (có F5 retry): TargetClosedException — Target page, context or browser has been closed
2026-06-01 16:56:25.789	WARN	hàng 22	S***@gmail.com	hamcheckpass trả về false — kiểm tra cột STATUS và Data/screenshots.
2026-06-01 16:57:15.065	WARN	hàng 25		[Sheet] Mở Sheets + chờ tab — thất bại sau 2 lần (có F5 retry): TargetClosedException — Target page, context or browser has been closed
2026-06-01 16:57:15.065	WARN	hàng 25	L***@gmail.com	hamcheckpass trả về false — kiểm tra cột STATUS và Data/screenshots.
2026-06-01 16:57:15.152	INFO	-		Kết thúc batch: OK=21 Fail=4 (Playwright đã đóng).
