# time[TAB]email[TAB]reason — UTF-8 (chỉ ghi khi phát hiện reCAPTCHA/Verify)



2026-04-10 03:54:22.294	nbui44902@gmail.com	Google reCAPTCHA/Verify — tài khoản chết (không tự động được)
2026-04-10 03:54:23.642	mta998248@gmail.com	Google reCAPTCHA/Verify — tài khoản chết (không tự động được)
2026-04-10 03:57:30.013	nbui44902@gmail.com	Google reCAPTCHA/Verify — tài khoản chết (không tự động được)
2026-04-10 03:57:31.047	mta998248@gmail.com	Google reCAPTCHA/Verify — tài khoản chết (không tự động được)
2026-04-10 03:58:17.186	nguyenthumai84805@gmail.com	Google reCAPTCHA/Verify — tài khoản chết (không tự động được)
2026-04-10 03:58:19.035	nhatquanv9@gmail.com	Google reCAPTCHA/Verify — tài khoản chết (không tự động được)
2026-04-10 19:55:53.381	BoclairWinnifred@gmail.com	Google reCAPTCHA/Verify — tài khoản chết (không tự động được)
2026-04-10 19:55:54.951	BlondellGelrud@gmail.com	Google reCAPTCHA/Verify — tài khoản chết (không tự động được)
2026-04-10 20:11:08.868	BoclairWinnifred@gmail.com	Google reCAPTCHA/Verify — tài khoản chết (không tự động được)
2026-04-10 20:11:10.233	BlondellGelrud@gmail.com	Google reCAPTCHA/Verify — tài khoản chết (không tự động được)
2026-04-10 20:28:41.229	BojanowskiRivas@gmail.com	Google reCAPTCHA/Verify — tài khoản chết (không tự động được)
2026-04-10 21:23:42.162	BootyRoza@gmail.com	Google reCAPTCHA/Verify — tài khoản chết (không tự động được)
2026-04-10 21:23:42.794	BoorasAdella@gmail.com	Google reCAPTCHA/Verify — tài khoản chết (không tự động được)
2026-04-10 21:23:43.931	BooromSollberger@gmail.com	Google reCAPTCHA/Verify — tài khoản chết (không tự động được)
2026-04-10 21:23:43.932	BolyardStoneback@gmail.com	Google reCAPTCHA/Verify — tài khoản chết (không tự động được)
2026-04-10 21:23:43.946	BoordEisaman@gmail.com	Google reCAPTCHA/Verify — tài khoản chết (không tự động được)
2026-04-10 21:23:45.415	BothmanJacobitz@gmail.com	Google reCAPTCHA/Verify — tài khoản chết (không tự động được)
2026-04-10 21:31:10.190	BourdeauBohol@gmail.com	Google reCAPTCHA/Verify — tài khoản chết (không tự động được)
2026-04-10 21:31:11.474	BourgoinHersberger@gmail.com	Google reCAPTCHA/Verify — tài khoản chết (không tự động được)
2026-04-10 21:31:11.489	BosackLeonelli@gmail.com	Google reCAPTCHA/Verify — tài khoản chết (không tự động được)
2026-04-10 21:31:12.306	BoriaFelipa@gmail.com	Google reCAPTCHA/Verify — tài khoản chết (không tự động được)
2026-04-10 21:31:16.656	BoushieHaffling@gmail.com	Google reCAPTCHA/Verify — tài khoản chết (không tự động được)
2026-04-10 21:31:16.889	BoothroydParlet@gmail.com	Google reCAPTCHA/Verify — tài khoản chết (không tự động được)
2026-04-10 21:39:12.062	BowldsLaderer@gmail.com	Google reCAPTCHA/Verify — tài khoản chết (không tự động được)
2026-04-10 21:39:12.062	BoursawMarjan@gmail.com	Google reCAPTCHA/Verify — tài khoản chết (không tự động được)
2026-04-10 21:39:13.118	BowersoxBaim@gmail.com	Google reCAPTCHA/Verify — tài khoản chết (không tự động được)
2026-04-10 21:39:14.635	BoryczBabula@gmail.com	Google reCAPTCHA/Verify — tài khoản chết (không tự động được)
2026-04-10 21:39:16.064	BoyleBlesh@gmail.com	Google reCAPTCHA/Verify — tài khoản chết (không tự động được)
2026-04-10 21:54:15.818	SomasundaramGer@gmail.com	Google reCAPTCHA/Verify — tài khoản chết (không tự động được)
2026-04-10 21:54:17.762	KashyapHerculano@gmail.com	Google reCAPTCHA/Verify — tài khoản chết (không tự động được)
2026-04-10 21:54:18.838	ValdovinoClaudia3@gmail.com	Google reCAPTCHA/Verify — tài khoản chết (không tự động được)
2026-04-10 21:54:19.401	EldenDane889@gmail.com	Google reCAPTCHA/Verify — tài khoản chết (không tự động được)
2026-04-10 21:54:20.641	BarisoLeya337@gmail.com	Google reCAPTCHA/Verify — tài khoản chết (không tự động được)
2026-04-10 21:54:25.365	YulyyMecina155@gmail.com	Google reCAPTCHA/Verify — tài khoản chết (không tự động được)
2026-04-10 21:54:25.982	MirellRavizada@gmail.com	Google reCAPTCHA/Verify — tài khoản chết (không tự động được)
2026-04-11 01:59:57.898	MoneraJagadeesan@gmail.com	Google reCAPTCHA/Verify — tài khoản chết (không tự động được)
2026-04-11 01:59:57.959	JairHumaran@gmail.com	Google reCAPTCHA/Verify — tài khoản chết (không tự động được)
2026-04-11 02:14:42.979	MohannaRudauli@gmail.com	Google reCAPTCHA/Verify — tài khoản chết (không tự động được)
2026-04-11 02:14:43.475	MoneraJagadeesan@gmail.com	Google reCAPTCHA/Verify — tài khoản chết (không tự động được)
2026-04-11 02:14:45.308	JairHumaran@gmail.com	Google reCAPTCHA/Verify — tài khoản chết (không tự động được)
2026-04-11 02:22:13.729	KaimbacherBurgsteiner@gmail.com	Google reCAPTCHA/Verify — tài khoản chết (không tự động được)
2026-04-11 02:22:14.803	MuloneCaserta507@gmail.com	Google reCAPTCHA/Verify — tài khoản chết (không tự động được)
2026-04-11 03:16:54.620	GabrielleAliyah98@gmail.com	Google reCAPTCHA/Verify — tài khoản chết (không tự động được)
2026-04-11 03:16:56.567	FeselBeatz90@gmail.com	Google reCAPTCHA/Verify — tài khoản chết (không tự động được)
2026-04-11 03:35:02.863	RizkallaKebba@gmail.com	Google reCAPTCHA/Verify — tài khoản chết (không tự động được)
2026-04-11 03:35:03.688	CrafterLiene@gmail.com	Google reCAPTCHA/Verify — tài khoản chết (không tự động được)
2026-04-11 10:42:10.472	AclBageac@gmail.com	Google reCAPTCHA/Verify — tài khoản chết (không tự động được)
2026-04-11 10:42:11.016	WindScollard@gmail.com	Google reCAPTCHA/Verify — tài khoản chết (không tự động được)
2026-04-11 10:42:11.079	HackshawTyriek@gmail.com	Google reCAPTCHA/Verify — tài khoản chết (không tự động được)
2026-04-11 10:42:11.543	BlagojceManasieva@gmail.com	Google reCAPTCHA/Verify — tài khoản chết (không tự động được)
2026-04-11 10:42:12.000	InkUgolini@gmail.com	Google reCAPTCHA/Verify — tài khoản chết (không tự động được)
2026-04-11 10:42:12.165	CosgriffLepper@gmail.com	Google reCAPTCHA/Verify — tài khoản chết (không tự động được)
2026-04-11 10:42:13.336	RikositVillalobow@gmail.com	Google reCAPTCHA/Verify — tài khoản chết (không tự động được)
2026-04-11 10:42:14.163	BrouillardBabington@gmail.com	Google reCAPTCHA/Verify — tài khoản chết (không tự động được)
2026-04-11 10:43:17.774	BalatsosSeinour@gmail.com	Google reCAPTCHA/Verify — tài khoản chết (không tự động được)
2026-04-11 10:43:18.619	KazisGyookhan@gmail.com	Google reCAPTCHA/Verify — tài khoản chết (không tự động được)
2026-04-11 10:43:21.156	MohneyDesta@gmail.com	Google reCAPTCHA/Verify — tài khoản chết (không tự động được)
2026-04-11 10:43:26.446	GelzinisGuinn@gmail.com	Google reCAPTCHA/Verify — tài khoản chết (không tự động được)
2026-04-11 10:44:57.827	TamashiroChandler@gmail.com	Google reCAPTCHA/Verify — tài khoản chết (không tự động được)
2026-04-11 10:44:58.854	SpeidelHarrower@gmail.com	Google reCAPTCHA/Verify — tài khoản chết (không tự động được)
2026-04-11 10:44:59.069	DezDussaut@gmail.com	Google reCAPTCHA/Verify — tài khoản chết (không tự động được)
2026-04-11 10:44:59.499	DeslogeHaddock@gmail.com	Google reCAPTCHA/Verify — tài khoản chết (không tự động được)
2026-04-11 10:45:00.953	RippelFuhrmann@gmail.com	Google reCAPTCHA/Verify — tài khoản chết (không tự động được)
2026-04-11 10:51:32.461	HackshawTyriek@gmail.com	Google reCAPTCHA/Verify — tài khoản chết (không tự động được)
2026-04-11 10:51:32.489	BlagojceManasieva@gmail.com	Google reCAPTCHA/Verify — tài khoản chết (không tự động được)
2026-04-11 10:51:32.889	RikositVillalobow@gmail.com	Google reCAPTCHA/Verify — tài khoản chết (không tự động được)
2026-04-11 11:04:28.632	EmmanuelMucsi@gmail.com	Google reCAPTCHA/Verify — tài khoản chết (không tự động được)
2026-04-11 11:04:28.846	TapsTosco@gmail.com	Google reCAPTCHA/Verify — tài khoản chết (không tự động được)
2026-04-11 11:04:28.905	EniiFontana@gmail.com	Google reCAPTCHA/Verify — tài khoản chết (không tự động được)
2026-04-11 11:04:28.950	DalleyEdnie@gmail.com	Google reCAPTCHA/Verify — tài khoản chết (không tự động được)
2026-04-11 11:04:46.662	McdoulettSeiver@gmail.com	Google reCAPTCHA/Verify — tài khoản chết (không tự động được)
2026-04-11 11:40:07.274	McdoulettSeiver@gmail.com	Google reCAPTCHA/Verify — tài khoản chết (không tự động được)
2026-04-11 11:40:11.778	ReffnerRomanello@gmail.com	Google reCAPTCHA/Verify — tài khoản chết (không tự động được)
2026-04-11 11:40:11.954	EmmanuelMucsi@gmail.com	Google reCAPTCHA/Verify — tài khoản chết (không tự động được)
2026-04-11 11:40:12.548	TapsTosco@gmail.com	Google reCAPTCHA/Verify — tài khoản chết (không tự động được)
2026-04-11 11:40:13.017	EniiFontana@gmail.com	Google reCAPTCHA/Verify — tài khoản chết (không tự động được)
2026-04-11 11:40:13.612	CecxlazdeKinjal@gmail.com	Google reCAPTCHA/Verify — tài khoản chết (không tự động được)
2026-04-11 11:40:14.484	MadalinaVch@gmail.com	Google reCAPTCHA/Verify — tài khoản chết (không tự động được)
2026-04-11 11:41:26.953	ZeinlingerTovilovic603@gmail.com	Google reCAPTCHA/Verify — tài khoản chết (không tự động được)
2026-04-11 11:41:28.470	PyaePendle@gmail.com	Google reCAPTCHA/Verify — tài khoản chết (không tự động được)
2026-04-11 11:41:28.631	NirenbergDerian@gmail.com	Google reCAPTCHA/Verify — tài khoản chết (không tự động được)
2026-04-11 11:41:28.795	JacquelynneGjini@gmail.com	Google reCAPTCHA/Verify — tài khoản chết (không tự động được)
2026-04-11 11:41:34.037	MuscasVaida@gmail.com	Google reCAPTCHA/Verify — tài khoản chết (không tự động được)
2026-04-13 18:22:21.497	ManoMasamistu@gmail.com	Google reCAPTCHA/Verify — tài khoản chết (không tự động được)
2026-04-13 20:02:38.625	AaditGundla865@gmail.com	Google reCAPTCHA/Verify — tài khoản chết (không tự động được)
2026-04-13 21:47:50.732	AmronSada46@gmail.com	Google reCAPTCHA/Verify — tài khoản chết (không tự động được)
2026-04-13 22:42:23.179	GkagkaliSindrit@gmail.com	Google reCAPTCHA/Verify — tài khoản chết (không tự động được)
2026-04-13 22:42:31.692	BuroniIrfan@gmail.com	Google reCAPTCHA/Verify — tài khoản chết (không tự động được)
2026-04-15 19:29:57.179	TakahashiFadae157@gmail.com	Google reCAPTCHA/Verify — tài khoản chết (không tự động được)
2026-04-15 19:29:58.174	tekulvebenauidesyq979@gmail.com	Google reCAPTCHA/Verify — tài khoản chết (không tự động được)
2026-04-15 19:29:59.163	TechyTony829@gmail.com	Google reCAPTCHA/Verify — tài khoản chết (không tự động được)
2026-04-15 19:29:59.375	TjWong74@gmail.com	Google reCAPTCHA/Verify — tài khoản chết (không tự động được)
2026-04-15 19:29:59.892	turanostonerockih180@gmail.com	Google reCAPTCHA/Verify — tài khoản chết (không tự động được)
2026-04-15 19:30:02.865	tafferewtongi926@gmail.com	Google reCAPTCHA/Verify — tài khoản chết (không tự động được)
2026-04-15 19:30:05.796	TaniaTanory325@gmail.com	Google reCAPTCHA/Verify — tài khoản chết (không tự động được)
2026-04-15 19:31:42.252	wheelessguereronc575@gmail.com	Google reCAPTCHA/Verify — tài khoản chết (không tự động được)
2026-04-15 19:31:43.750	wendysingshq573@gmail.com	Google reCAPTCHA/Verify — tài khoản chết (không tự động được)
2026-04-15 19:31:44.575	ViricocheaMarisol334@gmail.com	Google reCAPTCHA/Verify — tài khoản chết (không tự động được)
2026-04-15 19:31:44.623	UreedArt777@gmail.com	Google reCAPTCHA/Verify — tài khoản chết (không tự động được)
2026-04-15 19:39:33.676	woodaltriasgr986@gmail.com	Google reCAPTCHA/Verify — tài khoản chết (không tự động được)
2026-04-15 19:39:33.739	zaruckitoliongcown351@gmail.com	Google reCAPTCHA/Verify — tài khoản chết (không tự động được)
2026-04-15 19:39:35.519	wisonroblezuy541@gmail.com	Google reCAPTCHA/Verify — tài khoản chết (không tự động được)
2026-04-15 20:09:38.283	MatijasBoduszek@gmail.com	Google reCAPTCHA/Verify — tài khoản chết (không tự động được)
2026-04-15 20:09:39.310	LosinskiHereth@gmail.com	Google reCAPTCHA/Verify — tài khoản chết (không tự động được)
2026-04-15 20:09:40.500	AgilaAzuaje@gmail.com	Google reCAPTCHA/Verify — tài khoản chết (không tự động được)
2026-04-15 20:09:41.097	MorikuboKody@gmail.com	Google reCAPTCHA/Verify — tài khoản chết (không tự động được)
2026-04-15 20:09:41.476	FredyMarquez408@gmail.com	Google reCAPTCHA/Verify — tài khoản chết (không tự động được)
2026-04-15 20:09:41.703	SeolYoon973@gmail.com	Google reCAPTCHA/Verify — tài khoản chết (không tự động được)
2026-04-15 20:09:42.634	HerverRexroat@gmail.com	Google reCAPTCHA/Verify — tài khoản chết (không tự động được)
2026-04-15 20:09:42.968	NastasAndrey869@gmail.com	Google reCAPTCHA/Verify — tài khoản chết (không tự động được)
2026-04-15 20:09:43.356	YonatalhThoma@gmail.com	Google reCAPTCHA/Verify — tài khoản chết (không tự động được)
2026-04-15 20:09:49.554	KiasAugustinha484@gmail.com	Google reCAPTCHA/Verify — tài khoản chết (không tự động được)
2026-04-15 20:10:21.143	ShobanaSari525@gmail.com	Google reCAPTCHA/Verify — tài khoản chết (không tự động được)
2026-04-15 20:10:21.446	NaslaShargawi467@gmail.com	Google reCAPTCHA/Verify — tài khoản chết (không tự động được)
2026-04-15 20:10:22.110	FillyKepple@gmail.com	Google reCAPTCHA/Verify — tài khoản chết (không tự động được)
2026-04-15 20:10:22.151	DeshwalSantosh694@gmail.com	Google reCAPTCHA/Verify — tài khoản chết (không tự động được)
2026-04-15 20:10:22.670	JalPsicoterapia0@gmail.com	Google reCAPTCHA/Verify — tài khoản chết (không tự động được)
2026-04-15 20:10:22.814	IvanDesterbecq420@gmail.com	Google reCAPTCHA/Verify — tài khoản chết (không tự động được)
2026-04-15 20:10:23.332	ArzuTirrell@gmail.com	Google reCAPTCHA/Verify — tài khoản chết (không tự động được)
2026-04-15 20:10:24.474	MuraharaLorenzo@gmail.com	Google reCAPTCHA/Verify — tài khoản chết (không tự động được)
2026-04-15 20:10:26.729	ViviannPopa671@gmail.com	Google reCAPTCHA/Verify — tài khoản chết (không tự động được)
2026-04-15 20:10:29.473	AmrohiDadapeer@gmail.com	Google reCAPTCHA/Verify — tài khoản chết (không tự động được)
2026-04-15 20:10:48.345	ChanezSarom@gmail.com	Google reCAPTCHA/Verify — tài khoản chết (không tự động được)
2026-04-15 20:10:48.396	RafeKorunova@gmail.com	Google reCAPTCHA/Verify — tài khoản chết (không tự động được)
2026-04-15 20:10:50.050	GarinKaterim@gmail.com	Google reCAPTCHA/Verify — tài khoản chết (không tự động được)
2026-04-15 20:10:51.047	DonavenBrossard635@gmail.com	Google reCAPTCHA/Verify — tài khoản chết (không tự động được)
2026-04-15 20:28:29.533	HamadaAssyfa110@gmail.com	Google reCAPTCHA/Verify — tài khoản chết (không tự động được)
2026-04-15 20:28:29.648	MizonovVlad842@gmail.com	Google reCAPTCHA/Verify — tài khoản chết (không tự động được)
2026-04-15 20:28:30.741	WiktoriaCousaert345@gmail.com	Google reCAPTCHA/Verify — tài khoản chết (không tự động được)
2026-04-15 20:36:52.631	NollBianca444@gmail.com	Google reCAPTCHA/Verify — tài khoản chết (không tự động được)
2026-04-15 20:36:54.470	LucasBere419@gmail.com	Google reCAPTCHA/Verify — tài khoản chết (không tự động được)
2026-04-15 20:36:55.127	PereiraXico269@gmail.com	Google reCAPTCHA/Verify — tài khoản chết (không tự động được)
2026-04-15 23:45:52.699	MutinyGualdron485@gmail.com	Google reCAPTCHA/Verify — tài khoản chết (không tự động được)
2026-04-15 23:45:54.013	BrigittaKaravidaj339@gmail.com	Google reCAPTCHA/Verify — tài khoản chết (không tự động được)
2026-04-15 23:45:55.328	HdezWendi20@gmail.com	Google reCAPTCHA/Verify — tài khoản chết (không tự động được)
2026-04-15 23:54:23.713	AzapintoVillard82@gmail.com	Google reCAPTCHA/Verify — tài khoản chết (không tự động được)
2026-04-15 23:54:24.703	DicaMotorola@gmail.com	Google reCAPTCHA/Verify — tài khoản chết (không tự động được)
2026-04-15 23:54:25.029	TomaskiMrvan426@gmail.com	Google reCAPTCHA/Verify — tài khoản chết (không tự động được)
2026-04-15 23:54:26.242	ClarkeKirby397@gmail.com	Google reCAPTCHA/Verify — tài khoản chết (không tự động được)
2026-04-15 23:54:26.291	ZamboniSarah554@gmail.com	Google reCAPTCHA/Verify — tài khoản chết (không tự động được)
2026-04-15 23:54:26.469	SebastianNineth335@gmail.com	Google reCAPTCHA/Verify — tài khoản chết (không tự động được)
2026-04-15 23:54:27.177	JonasDahl463@gmail.com	Google reCAPTCHA/Verify — tài khoản chết (không tự động được)
2026-04-16 15:28:36.161	BarkLee451@gmail.com	Google reCAPTCHA/Verify — tài khoản chết (không tự động được)
2026-04-16 15:28:37.077	runquistgabriel@gmail.com	Google reCAPTCHA/Verify — tài khoản chết (không tự động được)
2026-04-16 15:28:37.124	BoucaudRaymond425@gmail.com	Google reCAPTCHA/Verify — tài khoản chết (không tự động được)
2026-04-16 15:28:37.570	MelchiorNaseer780@gmail.com	Google reCAPTCHA/Verify — tài khoản chết (không tự động được)
2026-04-16 15:28:37.752	leipolddrebenah690@gmail.com	Google reCAPTCHA/Verify — tài khoản chết (không tự động được)
2026-04-16 15:28:38.327	IibdaeAseel889@gmail.com	Google reCAPTCHA/Verify — tài khoản chết (không tự động được)
2026-04-16 15:28:38.399	RotenWorford@gmail.com	Google reCAPTCHA/Verify — tài khoản chết (không tự động được)
2026-04-16 15:28:39.055	DanLegui119@gmail.com	Google reCAPTCHA/Verify — tài khoản chết (không tự động được)
2026-04-16 15:28:41.327	GloriaShi815@gmail.com	Google reCAPTCHA/Verify — tài khoản chết (không tự động được)
2026-04-16 15:28:42.538	AbigailDaley831@gmail.com	Google reCAPTCHA/Verify — tài khoản chết (không tự động được)
2026-04-16 15:29:16.578	JennyGenske731@gmail.com	Google reCAPTCHA/Verify — tài khoản chết (không tự động được)
2026-04-16 15:29:17.191	RajuSultan973@gmail.com	Google reCAPTCHA/Verify — tài khoản chết (không tự động được)
2026-04-16 15:29:17.482	CayHaberer191@gmail.com	Google reCAPTCHA/Verify — tài khoản chết (không tự động được)
2026-04-16 15:29:17.836	SmilezzBayazidi@gmail.com	Google reCAPTCHA/Verify — tài khoản chết (không tự động được)
2026-04-16 15:29:18.125	KaylaSolitatia844@gmail.com	Google reCAPTCHA/Verify — tài khoản chết (không tự động được)
2026-04-16 15:29:18.188	WetherbeeMontilla70@gmail.com	Google reCAPTCHA/Verify — tài khoản chết (không tự động được)
2026-04-16 15:29:18.752	EyvarOsegura@gmail.com	Google reCAPTCHA/Verify — tài khoản chết (không tự động được)
2026-04-16 15:29:18.846	RajendranMuthu266@gmail.com	Google reCAPTCHA/Verify — tài khoản chết (không tự động được)
2026-04-16 15:29:19.023	shimamuramatthews@gmail.com	Google reCAPTCHA/Verify — tài khoản chết (không tự động được)
2026-04-16 15:29:19.524	HumbertoHormaza112@gmail.com	Google reCAPTCHA/Verify — tài khoản chết (không tự động được)
2026-04-16 15:29:41.949	ChristinaArcher944@gmail.com	Google reCAPTCHA/Verify — tài khoản chết (không tự động được)
2026-04-16 15:29:42.154	GabrielaManny260@gmail.com	Google reCAPTCHA/Verify — tài khoản chết (không tự động được)
2026-04-16 15:29:42.733	ClarethaLipper190@gmail.com	Google reCAPTCHA/Verify — tài khoản chết (không tự động được)
2026-04-16 15:29:42.827	MalatoLeonel855@gmail.com	Google reCAPTCHA/Verify — tài khoản chết (không tự động được)
2026-04-16 15:40:17.586	MasuadAlabdlh569@gmail.com	Google reCAPTCHA/Verify — tài khoản chết (không tự động được)
2026-04-16 15:40:18.410	SzappanosAndrea966@gmail.com	Google reCAPTCHA/Verify — tài khoản chết (không tự động được)
2026-04-16 15:40:18.964	ReginaDanial751@gmail.com	Google reCAPTCHA/Verify — tài khoản chết (không tự động được)
2026-04-16 15:40:19.846	VasconcelosGleyci932@gmail.com	Google reCAPTCHA/Verify — tài khoản chết (không tự động được)
2026-04-16 15:40:19.919	luisamerkto894@gmail.com	Google reCAPTCHA/Verify — tài khoản chết (không tự động được)
2026-04-16 15:40:19.970	JoachimMustafa230@gmail.com	Google reCAPTCHA/Verify — tài khoản chết (không tự động được)
2026-04-16 15:40:20.423	RalteBandana907@gmail.com	Google reCAPTCHA/Verify — tài khoản chết (không tự động được)
2026-04-16 15:49:34.851	KostasgmoSotiria45@gmail.com	Google reCAPTCHA/Verify — tài khoản chết (không tự động được)
2026-04-16 15:49:34.895	ReisDiana709@gmail.com	Google reCAPTCHA/Verify — tài khoản chết (không tự động được)
2026-04-16 15:49:34.941	NayelisseArroyo8@gmail.com	Google reCAPTCHA/Verify — tài khoản chết (không tự động được)
2026-04-16 15:49:35.161	TrkLafolie734@gmail.com	Google reCAPTCHA/Verify — tài khoản chết (không tự động được)
2026-04-16 15:49:35.720	FrancoIvankof456@gmail.com	Google reCAPTCHA/Verify — tài khoản chết (không tự động được)
2026-04-16 15:49:36.120	WoodlinSchuette87@gmail.com	Google reCAPTCHA/Verify — tài khoản chết (không tự động được)
2026-04-16 15:58:01.783	PaivaAndresa673@gmail.com	Google reCAPTCHA/Verify — tài khoản chết (không tự động được)
2026-04-16 15:58:02.594	GuillaumeJay672@gmail.com	Google reCAPTCHA/Verify — tài khoản chết (không tự động được)
2026-04-16 15:58:03.159	HalimTutu539@gmail.com	Google reCAPTCHA/Verify — tài khoản chết (không tự động được)
2026-04-16 15:58:03.228	KenzoVandoren737@gmail.com	Google reCAPTCHA/Verify — tài khoản chết (không tự động được)
2026-04-16 16:20:14.087	BraucksStiver618@gmail.com	Google reCAPTCHA/Verify — tài khoản chết (không tự động được)
2026-04-16 16:20:14.654	FinnBauer452@gmail.com	Google reCAPTCHA/Verify — tài khoản chết (không tự động được)
2026-04-16 16:20:15.486	JarrodZajac361@gmail.com	Google reCAPTCHA/Verify — tài khoản chết (không tự động được)
2026-04-18 03:34:15.681	ZanardiTarquini@gmail.com	Google reCAPTCHA/Verify — tài khoản chết (không tự động được)
2026-04-18 03:34:16.300	BourceyVincent673@gmail.com	Google reCAPTCHA/Verify — tài khoản chết (không tự động được)
2026-04-18 03:34:17.209	PaulDarshan441@gmail.com	Google reCAPTCHA/Verify — tài khoản chết (không tự động được)
2026-04-18 03:34:17.817	PraderDaciana@gmail.com	Google reCAPTCHA/Verify — tài khoản chết (không tự động được)
2026-04-18 03:34:17.858	AlejandroBasilio376@gmail.com	Google reCAPTCHA/Verify — tài khoản chết (không tự động được)
2026-04-18 03:34:18.039	LandoniMollicone521@gmail.com	Google reCAPTCHA/Verify — tài khoản chết (không tự động được)
2026-04-18 03:34:18.084	PeregrinoNashifa909@gmail.com	Google reCAPTCHA/Verify — tài khoản chết (không tự động được)
2026-04-18 03:34:18.137	JaberPaul769@gmail.com	Google reCAPTCHA/Verify — tài khoản chết (không tự động được)
2026-04-18 03:34:18.197	NiskanenGoodland836@gmail.com	Google reCAPTCHA/Verify — tài khoản chết (không tự động được)
2026-04-18 03:34:18.592	RaissaDaniel314@gmail.com	Google reCAPTCHA/Verify — tài khoản chết (không tự động được)
2026-04-18 03:34:50.994	AckermanRudy825@gmail.com	Google reCAPTCHA/Verify — tài khoản chết (không tự động được)
2026-04-18 03:34:51.552	HarmanSucher985@gmail.com	Google reCAPTCHA/Verify — tài khoản chết (không tự động được)
2026-04-18 03:34:51.993	BrouTomad@gmail.com	Google reCAPTCHA/Verify — tài khoản chết (không tự động được)
2026-04-18 03:34:52.069	CalaHurtadiito@gmail.com	Google reCAPTCHA/Verify — tài khoản chết (không tự động được)
2026-04-18 03:34:52.310	ScriunerScoleri615@gmail.com	Google reCAPTCHA/Verify — tài khoản chết (không tự động được)
2026-04-18 03:34:53.196	ChrisThiel678@gmail.com	Google reCAPTCHA/Verify — tài khoản chết (không tự động được)
2026-04-18 03:34:53.343	MartinesMudanzas457@gmail.com	Google reCAPTCHA/Verify — tài khoản chết (không tự động được)
2026-04-18 03:34:53.973	SumitraGunjal792@gmail.com	Google reCAPTCHA/Verify — tài khoản chết (không tự động được)
2026-04-18 03:34:54.024	SwaggartTrenchard@gmail.com	Google reCAPTCHA/Verify — tài khoản chết (không tự động được)
2026-04-18 03:34:57.167	PlastowElworthy223@gmail.com	Google reCAPTCHA/Verify — tài khoản chết (không tự động được)
2026-04-18 03:35:17.925	IlmartBrzezik@gmail.com	Google reCAPTCHA/Verify — tài khoản chết (không tự động được)
2026-04-18 03:35:19.133	KenninRosetti@gmail.com	Google reCAPTCHA/Verify — tài khoản chết (không tự động được)
2026-04-18 03:35:19.869	AldiZbieracz@gmail.com	Google reCAPTCHA/Verify — tài khoản chết (không tự động được)
2026-04-18 03:35:20.793	AdnanSameh658@gmail.com	Google reCAPTCHA/Verify — tài khoản chết (không tự động được)
2026-04-18 03:35:23.537	MuroCasey339@gmail.com	Google reCAPTCHA/Verify — tài khoản chết (không tự động được)
2026-04-18 04:02:09.410	FundoraEloina@gmail.com	Google reCAPTCHA/Verify — tài khoản chết (không tự động được)
2026-04-18 16:22:14.793	AxumGottsabend982@gmail.com	Google reCAPTCHA/Verify — tài khoản chết (không tự động được)
2026-04-20 04:02:29.928	AhlfHarr900@gmail.com	Google reCAPTCHA/Verify — tài khoản chết (không tự động được)
2026-04-20 04:02:30.188	DaherMarkus819@gmail.com	Google reCAPTCHA/Verify — tài khoản chết (không tự động được)
2026-04-20 04:02:30.890	AjayiMixalis@gmail.com	Google reCAPTCHA/Verify — tài khoản chết (không tự động được)
2026-04-20 04:02:35.253	halidvasileva@gmail.com	Google reCAPTCHA/Verify — tài khoản chết (không tự động được)
2026-04-20 04:02:39.824	senatjacilda@gmail.com	Google reCAPTCHA/Verify — tài khoản chết (không tự động được)
2026-04-20 04:02:40.691	WitkowskiCabdifatax310@gmail.com	Google reCAPTCHA/Verify — tài khoản chết (không tự động được)
2026-04-20 04:02:44.078	DiliReber629@gmail.com	Google reCAPTCHA/Verify — tài khoản chết (không tự động được)
2026-04-20 04:02:46.812	TurveyBelladonna343@gmail.com	Google reCAPTCHA/Verify — tài khoản chết (không tự động được)
2026-04-20 04:11:52.644	MahlerMax582@gmail.com	Google reCAPTCHA/Verify — tài khoản chết (không tự động được)
2026-04-20 04:11:53.310	SahVieira451@gmail.com	Google reCAPTCHA/Verify — tài khoản chết (không tự động được)
2026-04-20 04:11:53.504	RamseyMg819@gmail.com	Google reCAPTCHA/Verify — tài khoản chết (không tự động được)
2026-04-20 04:11:54.147	KabakchievaAlessandra284@gmail.com	Google reCAPTCHA/Verify — tài khoản chết (không tự động được)
2026-04-20 04:11:54.502	BeraKielman@gmail.com	Google reCAPTCHA/Verify — tài khoản chết (không tự động được)
2026-04-20 04:11:54.608	BantanLaiq41@gmail.com	Google reCAPTCHA/Verify — tài khoản chết (không tự động được)
2026-04-20 04:11:56.802	DarksteinCohoc@gmail.com	Google reCAPTCHA/Verify — tài khoản chết (không tự động được)
2026-04-20 04:11:57.964	KallyCamero718@gmail.com	Google reCAPTCHA/Verify — tài khoản chết (không tự động được)
2026-04-20 04:12:04.330	JohnnyTommy326@gmail.com	Google reCAPTCHA/Verify — tài khoản chết (không tự động được)
2026-04-20 04:12:06.468	JuveJabones@gmail.com	Google reCAPTCHA/Verify — tài khoản chết (không tự động được)
2026-04-20 04:12:06.914	RegeRuthie@gmail.com	Google reCAPTCHA/Verify — tài khoản chết (không tự động được)
2026-04-20 04:12:07.761	HilgersKarpin294@gmail.com	Google reCAPTCHA/Verify — tài khoản chết (không tự động được)
2026-04-20 04:12:13.315	AlexCarcamos91@gmail.com	Google reCAPTCHA/Verify — tài khoản chết (không tự động được)
2026-04-20 04:12:15.898	TatyanaSever881@gmail.com	Google reCAPTCHA/Verify — tài khoản chết (không tự động được)
2026-04-20 04:20:37.583	NazemRamage937@gmail.com	Google reCAPTCHA/Verify — tài khoản chết (không tự động được)
2026-04-20 04:20:38.265	AbdesselamAnnie818@gmail.com	Google reCAPTCHA/Verify — tài khoản chết (không tự động được)
2026-04-20 04:20:38.930	GuacamayasSasaki@gmail.com	Google reCAPTCHA/Verify — tài khoản chết (không tự động được)
2026-04-20 04:20:39.922	NixyKarkamo@gmail.com	Google reCAPTCHA/Verify — tài khoản chết (không tự động được)
2026-04-20 08:41:38.643	EmilianoRichardson14@gmail.com	Google reCAPTCHA/Verify — tài khoản chết (không tự động được)
2026-04-20 08:41:39.484	ClaudiaRisk600@gmail.com	Google reCAPTCHA/Verify — tài khoản chết (không tự động được)
2026-04-20 08:41:39.580	WeymouthIngeborg853@gmail.com	Google reCAPTCHA/Verify — tài khoản chết (không tự động được)
2026-04-20 08:41:40.260	AazadLama89@gmail.com	Google reCAPTCHA/Verify — tài khoản chết (không tự động được)
2026-04-20 08:41:40.319	TntboysRago159@gmail.com	Google reCAPTCHA/Verify — tài khoản chết (không tự động được)
2026-04-20 08:41:40.492	GadpayleAmit462@gmail.com	Google reCAPTCHA/Verify — tài khoản chết (không tự động được)
2026-04-20 08:41:41.112	JustinOels800@gmail.com	Google reCAPTCHA/Verify — tài khoản chết (không tự động được)
2026-04-20 08:41:45.617	LeivaYaritza923@gmail.com	Google reCAPTCHA/Verify — tài khoản chết (không tự động được)
2026-04-20 08:41:47.528	FinKoterwa@gmail.com	Google reCAPTCHA/Verify — tài khoản chết (không tự động được)
2026-04-20 08:41:48.090	RiosUnown927@gmail.com	Google reCAPTCHA/Verify — tài khoản chết (không tự động được)
2026-04-20 08:41:48.439	LaurieBrag593@gmail.com	Google reCAPTCHA/Verify — tài khoản chết (không tự động được)
2026-04-20 08:41:54.063	SahJoju127@gmail.com	Google reCAPTCHA/Verify — tài khoản chết (không tự động được)
2026-04-20 08:41:54.708	RajuShafir456@gmail.com	Google reCAPTCHA/Verify — tài khoản chết (không tự động được)
2026-04-20 08:41:56.044	DolanSalvatore337@gmail.com	Google reCAPTCHA/Verify — tài khoản chết (không tự động được)
2026-04-20 08:42:13.543	AndreaUlrike724@gmail.com	Google reCAPTCHA/Verify — tài khoản chết (không tự động được)
2026-04-20 08:50:27.807	ShakurDardo197@gmail.com	Google reCAPTCHA/Verify — tài khoản chết (không tự động được)
2026-04-20 08:50:28.027	CamposanoZuraya@gmail.com	Google reCAPTCHA/Verify — tài khoản chết (không tự động được)
2026-04-20 08:50:28.425	UnoKitvun822@gmail.com	Google reCAPTCHA/Verify — tài khoản chết (không tự động được)
2026-04-20 08:50:28.623	OkPur981@gmail.com	Google reCAPTCHA/Verify — tài khoản chết (không tự động được)
2026-04-20 08:50:28.777	TarkaDugger273@gmail.com	Google reCAPTCHA/Verify — tài khoản chết (không tự động được)
2026-04-20 08:50:29.478	BlakneyKistner@gmail.com	Google reCAPTCHA/Verify — tài khoản chết (không tự động được)
2026-04-20 08:50:29.641	QuillenLorita991@gmail.com	Google reCAPTCHA/Verify — tài khoản chết (không tự động được)
2026-04-20 08:50:29.688	HotterBlatz@gmail.com	Google reCAPTCHA/Verify — tài khoản chết (không tự động được)
2026-04-20 08:50:29.851	SilviaTorrez725@gmail.com	Google reCAPTCHA/Verify — tài khoản chết (không tự động được)
2026-04-20 08:50:34.350	TumpaBulls419@gmail.com	Google reCAPTCHA/Verify — tài khoản chết (không tự động được)
2026-04-20 08:50:37.182	ElliGlennette490@gmail.com	Google reCAPTCHA/Verify — tài khoản chết (không tự động được)
2026-04-20 08:59:10.104	ErvertonTato684@gmail.com	Google reCAPTCHA/Verify — tài khoản chết (không tự động được)
2026-04-20 08:59:12.066	JarlynDanzig@gmail.com	Google reCAPTCHA/Verify — tài khoản chết (không tự động được)
2026-04-20 08:59:16.468	KilluaAvaalos935@gmail.com	Google reCAPTCHA/Verify — tài khoản chết (không tự động được)
2026-04-22 15:10:05.240	RadenMako08@gmail.com	Google reCAPTCHA/Verify — tài khoản chết (không tự động được)
2026-04-22 15:10:06.319	VatesBodway@gmail.com	Google reCAPTCHA/Verify — tài khoản chết (không tự động được)
2026-04-22 15:10:06.396	JagadishEndrani@gmail.com	Google reCAPTCHA/Verify — tài khoản chết (không tự động được)
2026-04-22 15:10:06.485	LaelCaponi@gmail.com	Google reCAPTCHA/Verify — tài khoản chết (không tự động được)
2026-04-22 15:10:06.549	HalmanKamradt@gmail.com	Google reCAPTCHA/Verify — tài khoản chết (không tự động được)
2026-04-22 15:10:07.042	bukhsqalanar@gmail.com	Google reCAPTCHA/Verify — tài khoản chết (không tự động được)
2026-04-22 15:10:07.200	SharlowLeitz@gmail.com	Google reCAPTCHA/Verify — tài khoản chết (không tự động được)
2026-04-22 15:10:07.247	JannatPowley@gmail.com	Google reCAPTCHA/Verify — tài khoản chết (không tự động được)
2026-04-22 15:10:07.307	SlominskiBeady@gmail.com	Google reCAPTCHA/Verify — tài khoản chết (không tự động được)
2026-04-22 15:10:07.366	DeangelusBurges@gmail.com	Google reCAPTCHA/Verify — tài khoản chết (không tự động được)
2026-04-22 15:10:12.763	FbipolandDron543@gmail.com	Google reCAPTCHA/Verify — tài khoản chết (không tự động được)
2026-04-22 15:10:12.821	AldayGrethel736@gmail.com	Google reCAPTCHA/Verify — tài khoản chết (không tự động được)
2026-04-22 15:10:13.102	KannenbergMolacek@gmail.com	Google reCAPTCHA/Verify — tài khoản chết (không tự động được)
2026-04-22 15:10:13.165	GarvensDee614@gmail.com	Google reCAPTCHA/Verify — tài khoản chết (không tự động được)
2026-04-22 15:10:13.347	EgleyGiffen@gmail.com	Google reCAPTCHA/Verify — tài khoản chết (không tự động được)
2026-04-22 15:10:13.910	SchaudelMclaine@gmail.com	Google reCAPTCHA/Verify — tài khoản chết (không tự động được)
2026-04-22 15:10:14.014	RookerCharz@gmail.com	Google reCAPTCHA/Verify — tài khoản chết (không tự động được)
2026-04-22 15:10:14.218	GiesemanDittberner@gmail.com	Google reCAPTCHA/Verify — tài khoản chết (không tự động được)
2026-04-22 15:10:15.044	AbdulfattahKhenneth@gmail.com	Google reCAPTCHA/Verify — tài khoản chết (không tự động được)
2026-04-22 15:10:15.257	FithenMordue@gmail.com	Google reCAPTCHA/Verify — tài khoản chết (không tự động được)
2026-04-22 15:10:18.776	PantojzVarner@gmail.com	Google reCAPTCHA/Verify — tài khoản chết (không tự động được)
2026-04-22 15:10:19.647	GotaPiwi55@gmail.com	Google reCAPTCHA/Verify — tài khoản chết (không tự động được)
2026-04-22 15:10:20.057	DistasioSprayberry@gmail.com	Google reCAPTCHA/Verify — tài khoản chết (không tự động được)
2026-04-22 15:10:20.789	EstefaniaZulia692@gmail.com	Google reCAPTCHA/Verify — tài khoản chết (không tự động được)
2026-04-22 15:10:21.486	SchwabeVictorina@gmail.com	Google reCAPTCHA/Verify — tài khoản chết (không tự động được)
2026-04-22 15:10:21.553	BbnKel959@gmail.com	Google reCAPTCHA/Verify — tài khoản chết (không tự động được)
2026-04-22 15:10:21.603	JavisaCandela156@gmail.com	Google reCAPTCHA/Verify — tài khoản chết (không tự động được)
2026-04-22 15:10:22.205	RexroadGronlund@gmail.com	Google reCAPTCHA/Verify — tài khoản chết (không tự động được)
2026-04-22 15:10:22.257	DessoSilagy@gmail.com	Google reCAPTCHA/Verify — tài khoản chết (không tự động được)
2026-04-22 15:10:22.458	FioreLybert@gmail.com	Google reCAPTCHA/Verify — tài khoản chết (không tự động được)
2026-04-22 15:10:25.904	MarzouguiFaugier@gmail.com	Google reCAPTCHA/Verify — tài khoản chết (không tự động được)
2026-04-22 15:10:26.154	NguyClunie@gmail.com	Google reCAPTCHA/Verify — tài khoản chết (không tự động được)
2026-04-22 15:10:27.638	RosalyMervil@gmail.com	Google reCAPTCHA/Verify — tài khoản chết (không tự động được)
2026-04-22 15:10:28.030	WindleYerton@gmail.com	Google reCAPTCHA/Verify — tài khoản chết (không tự động được)
2026-04-22 15:10:28.984	RupeHortence@gmail.com	Google reCAPTCHA/Verify — tài khoản chết (không tự động được)
2026-04-22 15:18:39.868	PashelDefosse@gmail.com	Google reCAPTCHA/Verify — tài khoản chết (không tự động được)
2026-04-22 15:18:39.948	ArnsteinDendy@gmail.com	Google reCAPTCHA/Verify — tài khoản chết (không tự động được)
2026-04-22 15:18:40.424	AkostaMalvi740@gmail.com	Google reCAPTCHA/Verify — tài khoản chết (không tự động được)
2026-04-22 15:18:40.710	AbdelazimSrl104@gmail.com	Google reCAPTCHA/Verify — tài khoản chết (không tự động được)
2026-04-22 15:18:40.768	KisamorePiccola@gmail.com	Google reCAPTCHA/Verify — tài khoản chết (không tự động được)
2026-04-22 15:18:41.245	DeisenhoferLezkin332@gmail.com	Google reCAPTCHA/Verify — tài khoản chết (không tự động được)
2026-04-22 15:18:41.444	MolstadSigmund@gmail.com	Google reCAPTCHA/Verify — tài khoản chết (không tự động được)
2026-04-22 15:18:44.591	DarrahAnabel@gmail.com	Google reCAPTCHA/Verify — tài khoản chết (không tự động được)
2026-04-22 15:18:45.774	FernDelle6@gmail.com	Google reCAPTCHA/Verify — tài khoản chết (không tự động được)
2026-04-22 15:18:46.517	MadsyBart527@gmail.com	Google reCAPTCHA/Verify — tài khoản chết (không tự động được)
2026-04-22 15:28:22.094	NotariLundgreen@gmail.com	Google reCAPTCHA/Verify — tài khoản chết (không tự động được)
2026-04-22 15:40:08.787	EkhoffRigoberto@gmail.com	Google reCAPTCHA/Verify — tài khoản chết (không tự động được)
2026-04-22 15:40:09.125	AbrialVigliotti@gmail.com	Google reCAPTCHA/Verify — tài khoản chết (không tự động được)
2026-04-22 15:40:09.561	CorsegaTabla179@gmail.com	Google reCAPTCHA/Verify — tài khoản chết (không tự động được)
2026-04-22 15:40:09.718	PaladinoPollard@gmail.com	Google reCAPTCHA/Verify — tài khoản chết (không tự động được)
2026-04-22 15:40:15.030	FbipolandDron543@gmail.com	Google reCAPTCHA/Verify — tài khoản chết (không tự động được)
2026-04-22 15:40:15.095	AldayGrethel736@gmail.com	Google reCAPTCHA/Verify — tài khoản chết (không tự động được)
2026-04-22 15:40:16.817	GarvensDee614@gmail.com	Google reCAPTCHA/Verify — tài khoản chết (không tự động được)
2026-04-22 15:40:16.968	EgleyGiffen@gmail.com	Google reCAPTCHA/Verify — tài khoản chết (không tự động được)
2026-04-22 15:40:21.147	SchaudelMclaine@gmail.com	Google reCAPTCHA/Verify — tài khoản chết (không tự động được)
2026-04-22 15:40:22.950	FithenMordue@gmail.com	Google reCAPTCHA/Verify — tài khoản chết (không tự động được)
2026-04-22 15:40:23.264	GiesemanDittberner@gmail.com	Google reCAPTCHA/Verify — tài khoản chết (không tự động được)
2026-04-22 15:40:23.749	KannenbergMolacek@gmail.com	Google reCAPTCHA/Verify — tài khoản chết (không tự động được)
2026-04-22 15:40:28.767	AbdulfattahKhenneth@gmail.com	Google reCAPTCHA/Verify — tài khoản chết (không tự động được)
2026-04-22 15:40:29.119	RookerCharz@gmail.com	Google reCAPTCHA/Verify — tài khoản chết (không tự động được)
2026-04-22 15:40:29.471	PantojzVarner@gmail.com	Google reCAPTCHA/Verify — tài khoản chết (không tự động được)
2026-04-22 15:40:31.948	GotaPiwi55@gmail.com	Google reCAPTCHA/Verify — tài khoản chết (không tự động được)
2026-04-22 15:40:34.622	SchwabeVictorina@gmail.com	Google reCAPTCHA/Verify — tài khoản chết (không tự động được)
2026-04-22 15:40:35.139	DistasioSprayberry@gmail.com	Google reCAPTCHA/Verify — tài khoản chết (không tự động được)
2026-04-22 15:40:35.727	FioreLybert@gmail.com	Google reCAPTCHA/Verify — tài khoản chết (không tự động được)
2026-04-22 15:40:38.121	EstefaniaZulia692@gmail.com	Google reCAPTCHA/Verify — tài khoản chết (không tự động được)
2026-04-22 15:40:40.370	DessoSilagy@gmail.com	Google reCAPTCHA/Verify — tài khoản chết (không tự động được)
2026-04-22 15:40:41.116	JavisaCandela156@gmail.com	Google reCAPTCHA/Verify — tài khoản chết (không tự động được)
2026-04-22 15:40:41.672	BbnKel959@gmail.com	Google reCAPTCHA/Verify — tài khoản chết (không tự động được)
2026-04-22 15:40:45.900	RexroadGronlund@gmail.com	Google reCAPTCHA/Verify — tài khoản chết (không tự động được)
2026-04-22 15:40:47.619	RosalyMervil@gmail.com	Google reCAPTCHA/Verify — tài khoản chết (không tự động được)
2026-04-22 15:40:47.717	MarzouguiFaugier@gmail.com	Google reCAPTCHA/Verify — tài khoản chết (không tự động được)
2026-04-22 15:40:51.438	NguyClunie@gmail.com	Google reCAPTCHA/Verify — tài khoản chết (không tự động được)
2026-04-22 15:40:53.571	RupeHortence@gmail.com	Google reCAPTCHA/Verify — tài khoản chết (không tự động được)
2026-04-22 15:40:53.719	WindleYerton@gmail.com	Google reCAPTCHA/Verify — tài khoản chết (không tự động được)
2026-04-22 15:48:32.315	UtterbackGoettel@gmail.com	Google reCAPTCHA/Verify — tài khoản chết (không tự động được)
2026-04-22 15:48:32.332	GhaznaviErine@gmail.com	Google reCAPTCHA/Verify — tài khoản chết (không tự động được)
2026-04-22 15:59:50.942	LowFradette@gmail.com	Google reCAPTCHA/Verify — tài khoản chết (không tự động được)
2026-04-22 15:59:51.489	AzaimiAdu@gmail.com	Google reCAPTCHA/Verify — tài khoản chết (không tự động được)
2026-04-22 16:09:00.401	CarrelliSaturnio@gmail.com	Google reCAPTCHA/Verify — tài khoản chết (không tự động được)
2026-04-22 16:09:00.445	EliyaArep15@gmail.com	Google reCAPTCHA/Verify — tài khoản chết (không tự động được)
2026-04-22 16:09:07.206	AlamilloPopiolek@gmail.com	Google reCAPTCHA/Verify — tài khoản chết (không tự động được)
2026-04-22 16:09:08.457	OzolsWardinsky@gmail.com	Google reCAPTCHA/Verify — tài khoản chết (không tự động được)
2026-04-22 16:09:15.011	BullaertNaqeeb316@gmail.com	Google reCAPTCHA/Verify — tài khoản chết (không tự động được)
2026-04-22 16:09:24.467	SahavedraSomer738@gmail.com	Google reCAPTCHA/Verify — tài khoản chết (không tự động được)
2026-04-22 16:09:30.669	NucholsKeomany@gmail.com	Google reCAPTCHA/Verify — tài khoản chết (không tự động được)
2026-04-22 17:20:35.002	TweetVeeramalla425@gmail.com	Google reCAPTCHA/Verify — tài khoản chết (không tự động được)
2026-04-22 17:20:42.434	CarnesBenbrook@gmail.com	Google reCAPTCHA/Verify — tài khoản chết (không tự động được)
2026-04-22 17:29:51.754	BrankerWeinkauf@gmail.com	Google reCAPTCHA/Verify — tài khoản chết (không tự động được)
